<?xml version="1.0" encoding="UTF-8" ?>
<testsuite failures="0" time="0.004" errors="1" skipped="0" tests="1" name="fundtransfer.RunCukesTest">
  <properties>
[...]
</properties>
  <testcase time="0.004" classname="fundtransfer.RunCukesTest" name="initializationError">
    <error message="Duplicate step definitions in fundtransfer.FundTransferStepDefs.The_user_is_on_fund_transfer_page() in file:/Users/b8959834/Documents/CodeArchive/MavenCucumberTests/target/test-classes/ and fundtransfer.test.FundTransferStepDefs.The_user_is_on_fund_transfer_page() in file:/Users/b8959834/Documents/CodeArchive/MavenCucumberTests/target/test-classes/" type="cucumber.runtime.DuplicateStepDefinitionException">cucumber.runtime.DuplicateStepDefinitionException: Duplicate step definitions in fundtransfer.FundTransferStepDefs.The_user_is_on_fund_transfer_page() in file:/Users/b8959834/Documents/CodeArchive/MavenCucumberTests/target/test-classes/ and fundtransfer.test.FundTransferStepDefs.The_user_is_on_fund_transfer_page() in file:/Users/b8959834/Documents/CodeArchive/MavenCucumberTests/target/test-classes/
	at cucumber.runtime.RuntimeGlue.addStepDefinition(RuntimeGlue.java:45)
	at cucumber.runtime.java.JavaBackend.addStepDefinition(JavaBackend.java:94)
	at cucumber.runtime.java.ClasspathMethodScanner.scan(ClasspathMethodScanner.java:69)
	at cucumber.runtime.java.ClasspathMethodScanner.scan(ClasspathMethodScanner.java:42)
	at cucumber.runtime.java.JavaBackend.loadGlue(JavaBackend.java:55)
	at cucumber.runtime.Runtime.&lt;init&gt;(Runtime.java:74)
	at cucumber.runtime.Runtime.&lt;init&gt;(Runtime.java:61)
	at cucumber.junit.Cucumber.&lt;init&gt;(Cucumber.java:58)
	at sun.reflect.NativeConstructorAccessorImpl.newInstance0(Native Method)
	at sun.reflect.NativeConstructorAccessorImpl.newInstance(NativeConstructorAccessorImpl.java:39)
	at sun.reflect.DelegatingConstructorAccessorImpl.newInstance(DelegatingConstructorAccessorImpl.java:27)
	at java.lang.reflect.Constructor.newInstance(Constructor.java:513)
	at org.junit.internal.builders.AnnotatedBuilder.buildRunner(AnnotatedBuilder.java:31)
	at org.junit.internal.builders.AnnotatedBuilder.runnerForClass(AnnotatedBuilder.java:24)
	at org.junit.runners.model.RunnerBuilder.safeRunnerForClass(RunnerBuilder.java:57)
	at org.junit.internal.builders.AllDefaultPossibilitiesBuilder.runnerForClass(AllDefaultPossibilitiesBuilder.java:29)
	at org.junit.runners.model.RunnerBuilder.safeRunnerForClass(RunnerBuilder.java:57)
	at org.junit.internal.requests.ClassRequest.getRunner(ClassRequest.java:24)
	at org.apache.maven.surefire.junit4.JUnit4Provider.execute(JUnit4Provider.java:250)
	at org.apache.maven.surefire.junit4.JUnit4Provider.executeTestSet(JUnit4Provider.java:141)
	at org.apache.maven.surefire.junit4.JUnit4Provider.invoke(JUnit4Provider.java:112)
	at sun.reflect.NativeMethodAccessorImpl.invoke0(Native Method)
	at sun.reflect.NativeMethodAccessorImpl.invoke(NativeMethodAccessorImpl.java:39)
	at sun.reflect.DelegatingMethodAccessorImpl.invoke(DelegatingMethodAccessorImpl.java:25)
	at java.lang.reflect.Method.invoke(Method.java:597)
	at org.apache.maven.surefire.util.ReflectionUtils.invokeMethodWithArray(ReflectionUtils.java:189)
	at org.apache.maven.surefire.booter.ProviderFactory$ProviderProxy.invoke(ProviderFactory.java:165)
	at org.apache.maven.surefire.booter.ProviderFactory.invokeProvider(ProviderFactory.java:85)
	at org.apache.maven.surefire.booter.ForkedBooter.runSuitesInProcess(ForkedBooter.java:115)
	at org.apache.maven.surefire.booter.ForkedBooter.main(ForkedBooter.java:75)
</error>
  </testcase>
</testsuite>