<?xml version="1.0" encoding="UTF-8" ?>
<testsuite failures="0" time="0.083" errors="24" skipped="0" tests="60" name="sizeguide.TestRunner">
  <properties>
[...]
</properties>
  <testcase time="0.002" classname="| &quot;All Boys&quot; | &quot;l/kids/all-boys&quot; |" name="Given I visit the &quot;All Boys&quot; PLP page using &quot;l/kids/all-boys&quot; and view the top 100 best sellers"/>
  <testcase time="0" classname="| &quot;All Boys&quot; | &quot;l/kids/all-boys&quot; |" name="When I visit the PDP page of each product and click the size guide button"/>
  <testcase time="0.003" classname="| &quot;All Boys&quot; | &quot;l/kids/all-boys&quot; |" name="Then the size guide button should be visible and the size guide view should appear.">
    <error message="--BUTTON_VISIBILITY_ERROR--[http://www.marksandspencer.com/outstanding-value-unisex-pure-cotton-jumper-with-stay-new/p/p21169706, http://www.marksandspencer.com/5-pairs-of-freshfeet-cotton-rich-school-socks/p/p22158979, http://www.marksandspencer.com/5-pairs-of-freshfeet-cotton-rich-school-socks/p/p22231123, http://www.marksandspencer.com/5-pack-pure-cotton-assorted-slips/p/p21167179, http://www.marksandspencer.com/thermal-vest-and-bottoms-set/p/p22323072, http://www.marksandspencer.com/striped-thermal-set/p/p22323073, http://www.marksandspencer.com/3-pack-cotton-rich-angry-birds-trunks/p/p22323028, http://www.marksandspencer.com/2-pack-assorted-gloves/p/p22322627, http://www.marksandspencer.com/liverpool-f-c-dressing-gown-with-staynew/p/p22158596, http://www.marksandspencer.com/3-pack-cotton-rich-assorted-trunks/p/p22213454]--BUTTON_VISIBILITY_ERROR--" type="java.lang.Throwable">java.lang.Throwable: --BUTTON_VISIBILITY_ERROR--[http://www.marksandspencer.com/outstanding-value-unisex-pure-cotton-jumper-with-stay-new/p/p21169706, http://www.marksandspencer.com/5-pairs-of-freshfeet-cotton-rich-school-socks/p/p22158979, http://www.marksandspencer.com/5-pairs-of-freshfeet-cotton-rich-school-socks/p/p22231123, http://www.marksandspencer.com/5-pack-pure-cotton-assorted-slips/p/p21167179, http://www.marksandspencer.com/thermal-vest-and-bottoms-set/p/p22323072, http://www.marksandspencer.com/striped-thermal-set/p/p22323073, http://www.marksandspencer.com/3-pack-cotton-rich-angry-birds-trunks/p/p22323028, http://www.marksandspencer.com/2-pack-assorted-gloves/p/p22322627, http://www.marksandspencer.com/liverpool-f-c-dressing-gown-with-staynew/p/p22158596, http://www.marksandspencer.com/3-pack-cotton-rich-assorted-trunks/p/p22213454]--BUTTON_VISIBILITY_ERROR--
	at sizeguide.pdp_sizeguide_steps.the_size_guide_button_should_be_visible_and_the_size_guide_view_should_appear(pdp_sizeguide_steps.java:108)
	at ✽.Then the size guide button should be visible and the size guide view should appear.(sizeguide/pdp_sizeguide.feature:7)
</error>
  </testcase>
  <testcase time="0.003" classname="| &quot;All Boys&quot; | &quot;l/kids/all-boys&quot; |" name="| &quot;All Boys&quot; | &quot;l/kids/all-boys&quot; |">
    <error message="--BUTTON_VISIBILITY_ERROR--[http://www.marksandspencer.com/outstanding-value-unisex-pure-cotton-jumper-with-stay-new/p/p21169706, http://www.marksandspencer.com/5-pairs-of-freshfeet-cotton-rich-school-socks/p/p22158979, http://www.marksandspencer.com/5-pairs-of-freshfeet-cotton-rich-school-socks/p/p22231123, http://www.marksandspencer.com/5-pack-pure-cotton-assorted-slips/p/p21167179, http://www.marksandspencer.com/thermal-vest-and-bottoms-set/p/p22323072, http://www.marksandspencer.com/striped-thermal-set/p/p22323073, http://www.marksandspencer.com/3-pack-cotton-rich-angry-birds-trunks/p/p22323028, http://www.marksandspencer.com/2-pack-assorted-gloves/p/p22322627, http://www.marksandspencer.com/liverpool-f-c-dressing-gown-with-staynew/p/p22158596, http://www.marksandspencer.com/3-pack-cotton-rich-assorted-trunks/p/p22213454]--BUTTON_VISIBILITY_ERROR--" type="java.lang.Throwable">java.lang.Throwable: --BUTTON_VISIBILITY_ERROR--[http://www.marksandspencer.com/outstanding-value-unisex-pure-cotton-jumper-with-stay-new/p/p21169706, http://www.marksandspencer.com/5-pairs-of-freshfeet-cotton-rich-school-socks/p/p22158979, http://www.marksandspencer.com/5-pairs-of-freshfeet-cotton-rich-school-socks/p/p22231123, http://www.marksandspencer.com/5-pack-pure-cotton-assorted-slips/p/p21167179, http://www.marksandspencer.com/thermal-vest-and-bottoms-set/p/p22323072, http://www.marksandspencer.com/striped-thermal-set/p/p22323073, http://www.marksandspencer.com/3-pack-cotton-rich-angry-birds-trunks/p/p22323028, http://www.marksandspencer.com/2-pack-assorted-gloves/p/p22322627, http://www.marksandspencer.com/liverpool-f-c-dressing-gown-with-staynew/p/p22158596, http://www.marksandspencer.com/3-pack-cotton-rich-assorted-trunks/p/p22213454]--BUTTON_VISIBILITY_ERROR--
	at sizeguide.pdp_sizeguide_steps.the_size_guide_button_should_be_visible_and_the_size_guide_view_should_appear(pdp_sizeguide_steps.java:108)
	at ✽.Then the size guide button should be visible and the size guide view should appear.(sizeguide/pdp_sizeguide.feature:7)
</error>
  </testcase>
  <testcase time="0" classname="| &quot;All Girls&quot; | &quot;l/kids/all-girls&quot; |" name="Given I visit the &quot;All Girls&quot; PLP page using &quot;l/kids/all-girls&quot; and view the top 100 best sellers"/>
  <testcase time="0" classname="| &quot;All Girls&quot; | &quot;l/kids/all-girls&quot; |" name="When I visit the PDP page of each product and click the size guide button"/>
  <testcase time="0.001" classname="| &quot;All Girls&quot; | &quot;l/kids/all-girls&quot; |" name="Then the size guide button should be visible and the size guide view should appear.">
    <error message="--BUTTON_VISIBILITY_ERROR--[http://www.marksandspencer.com/3-pairs-of-bodysensor-school-tights/p/p22235865, http://www.marksandspencer.com/3-pairs-of-bodysensor-school-tights/p/p22235859, http://www.marksandspencer.com/2-pairs-of-60-denier-opaque-tights/p/p22120041, http://www.marksandspencer.com/5-pairs-of-cotton-rich-picot-trim-knee-high-school-socks/p/p22159777, http://www.marksandspencer.com/2-pairs-of-cotton-rich-over-the-knee-socks/p/p22080547, http://www.marksandspencer.com/2-pairs-of-60-denier-ladder-resist-tights/p/p22096410, http://www.marksandspencer.com/3-pairs-of-bodysensor-school-tights/p/p22235862, http://www.marksandspencer.com/3-pack-seam-free-shorts/p/p22146028, http://www.marksandspencer.com/3-pack-superfine-pure-cotton-sleeveless-vests/p/p21167030, http://www.marksandspencer.com/5-pairs-of-cotton-rich-knee-high-heart-socks/p/p22143466, http://www.marksandspencer.com/2-pack-pure-cotton-lace-trim-bras/p/p22197675]--BUTTON_VISIBILITY_ERROR--" type="java.lang.Throwable">java.lang.Throwable: --BUTTON_VISIBILITY_ERROR--[http://www.marksandspencer.com/3-pairs-of-bodysensor-school-tights/p/p22235865, http://www.marksandspencer.com/3-pairs-of-bodysensor-school-tights/p/p22235859, http://www.marksandspencer.com/2-pairs-of-60-denier-opaque-tights/p/p22120041, http://www.marksandspencer.com/5-pairs-of-cotton-rich-picot-trim-knee-high-school-socks/p/p22159777, http://www.marksandspencer.com/2-pairs-of-cotton-rich-over-the-knee-socks/p/p22080547, http://www.marksandspencer.com/2-pairs-of-60-denier-ladder-resist-tights/p/p22096410, http://www.marksandspencer.com/3-pairs-of-bodysensor-school-tights/p/p22235862, http://www.marksandspencer.com/3-pack-seam-free-shorts/p/p22146028, http://www.marksandspencer.com/3-pack-superfine-pure-cotton-sleeveless-vests/p/p21167030, http://www.marksandspencer.com/5-pairs-of-cotton-rich-knee-high-heart-socks/p/p22143466, http://www.marksandspencer.com/2-pack-pure-cotton-lace-trim-bras/p/p22197675]--BUTTON_VISIBILITY_ERROR--
	at sizeguide.pdp_sizeguide_steps.the_size_guide_button_should_be_visible_and_the_size_guide_view_should_appear(pdp_sizeguide_steps.java:108)
	at ✽.Then the size guide button should be visible and the size guide view should appear.(sizeguide/pdp_sizeguide.feature:7)
</error>
  </testcase>
  <testcase time="0.007" classname="| &quot;All Girls&quot; | &quot;l/kids/all-girls&quot; |" name="| &quot;All Girls&quot; | &quot;l/kids/all-girls&quot; |">
    <error message="--BUTTON_VISIBILITY_ERROR--[http://www.marksandspencer.com/3-pairs-of-bodysensor-school-tights/p/p22235865, http://www.marksandspencer.com/3-pairs-of-bodysensor-school-tights/p/p22235859, http://www.marksandspencer.com/2-pairs-of-60-denier-opaque-tights/p/p22120041, http://www.marksandspencer.com/5-pairs-of-cotton-rich-picot-trim-knee-high-school-socks/p/p22159777, http://www.marksandspencer.com/2-pairs-of-cotton-rich-over-the-knee-socks/p/p22080547, http://www.marksandspencer.com/2-pairs-of-60-denier-ladder-resist-tights/p/p22096410, http://www.marksandspencer.com/3-pairs-of-bodysensor-school-tights/p/p22235862, http://www.marksandspencer.com/3-pack-seam-free-shorts/p/p22146028, http://www.marksandspencer.com/3-pack-superfine-pure-cotton-sleeveless-vests/p/p21167030, http://www.marksandspencer.com/5-pairs-of-cotton-rich-knee-high-heart-socks/p/p22143466, http://www.marksandspencer.com/2-pack-pure-cotton-lace-trim-bras/p/p22197675]--BUTTON_VISIBILITY_ERROR--" type="java.lang.Throwable">java.lang.Throwable: --BUTTON_VISIBILITY_ERROR--[http://www.marksandspencer.com/3-pairs-of-bodysensor-school-tights/p/p22235865, http://www.marksandspencer.com/3-pairs-of-bodysensor-school-tights/p/p22235859, http://www.marksandspencer.com/2-pairs-of-60-denier-opaque-tights/p/p22120041, http://www.marksandspencer.com/5-pairs-of-cotton-rich-picot-trim-knee-high-school-socks/p/p22159777, http://www.marksandspencer.com/2-pairs-of-cotton-rich-over-the-knee-socks/p/p22080547, http://www.marksandspencer.com/2-pairs-of-60-denier-ladder-resist-tights/p/p22096410, http://www.marksandspencer.com/3-pairs-of-bodysensor-school-tights/p/p22235862, http://www.marksandspencer.com/3-pack-seam-free-shorts/p/p22146028, http://www.marksandspencer.com/3-pack-superfine-pure-cotton-sleeveless-vests/p/p21167030, http://www.marksandspencer.com/5-pairs-of-cotton-rich-knee-high-heart-socks/p/p22143466, http://www.marksandspencer.com/2-pack-pure-cotton-lace-trim-bras/p/p22197675]--BUTTON_VISIBILITY_ERROR--
	at sizeguide.pdp_sizeguide_steps.the_size_guide_button_should_be_visible_and_the_size_guide_view_should_appear(pdp_sizeguide_steps.java:108)
	at ✽.Then the size guide button should be visible and the size guide view should appear.(sizeguide/pdp_sizeguide.feature:7)
</error>
  </testcase>
  <testcase time="0.001" classname="| &quot;Boys School Uniform&quot; | &quot;l/kids/school-uniform/all-boys-school-uniform&quot; |" name="Given I visit the &quot;Boys School Uniform&quot; PLP page using &quot;l/kids/school-uniform/all-boys-school-uniform&quot; and view the top 100 best sellers"/>
  <testcase time="0.001" classname="| &quot;Boys School Uniform&quot; | &quot;l/kids/school-uniform/all-boys-school-uniform&quot; |" name="When I visit the PDP page of each product and click the size guide button"/>
  <testcase time="0" classname="| &quot;Boys School Uniform&quot; | &quot;l/kids/school-uniform/all-boys-school-uniform&quot; |" name="Then the size guide button should be visible and the size guide view should appear.">
    <error message="--BUTTON_VISIBILITY_ERROR--[http://www.marksandspencer.com/outstanding-value-unisex-pure-cotton-jumper-with-stay-new/p/p21169706, http://www.marksandspencer.com/5-pairs-of-freshfeet-cotton-rich-school-socks/p/p22158979, http://www.marksandspencer.com/2-pack-boys-adjustable-waist-flat-front-trousers-with-stormwear-and-crease-resistance/p/p21169682, http://www.marksandspencer.com/5-pairs-of-freshfeet-cotton-rich-school-socks/p/p22231123, http://www.marksandspencer.com/5-pack-pure-cotton-assorted-slips/p/p21167179, http://www.marksandspencer.com/3-pack-cotton-rich-assorted-trunks/p/p22213454, http://www.marksandspencer.com/3-pack-superfine-pure-cotton-trunks/p/p21166542, http://www.marksandspencer.com/3-pack-cotton-rich-plain-trunks/p/p22165697, http://www.marksandspencer.com/unisex-pure-merino-wool-easy-care-jumper/p/p22306038, http://www.marksandspencer.com/boys-cotton-rich-tank-top-with-stay-new/p/p22140581, http://www.marksandspencer.com/chiffon-vintage-floral-tea-dress-with-camisole/p/p22314248, http://www.marksandspencer.com/3-pack-cotton-rich-assorted-trunks/p/p22095844, http://www.marksandspencer.com/2-pack-boys-ultimate-non-iron-long-sleeve-shirts-with-stainaway/p/p22140328, http://www.marksandspencer.com/boys-senior-fashion-blazer-with-stormwear-/p/p22140588, http://www.marksandspencer.com/3-pack-pure-cotton-short-sleeve-vests/p/p22129576, http://www.marksandspencer.com/2-pack-boys-ultimate-non-iron-short-sleeved-shirts-with-stainaway/p/p22140323]--BUTTON_VISIBILITY_ERROR--" type="java.lang.Throwable">java.lang.Throwable: --BUTTON_VISIBILITY_ERROR--[http://www.marksandspencer.com/outstanding-value-unisex-pure-cotton-jumper-with-stay-new/p/p21169706, http://www.marksandspencer.com/5-pairs-of-freshfeet-cotton-rich-school-socks/p/p22158979, http://www.marksandspencer.com/2-pack-boys-adjustable-waist-flat-front-trousers-with-stormwear-and-crease-resistance/p/p21169682, http://www.marksandspencer.com/5-pairs-of-freshfeet-cotton-rich-school-socks/p/p22231123, http://www.marksandspencer.com/5-pack-pure-cotton-assorted-slips/p/p21167179, http://www.marksandspencer.com/3-pack-cotton-rich-assorted-trunks/p/p22213454, http://www.marksandspencer.com/3-pack-superfine-pure-cotton-trunks/p/p21166542, http://www.marksandspencer.com/3-pack-cotton-rich-plain-trunks/p/p22165697, http://www.marksandspencer.com/unisex-pure-merino-wool-easy-care-jumper/p/p22306038, http://www.marksandspencer.com/boys-cotton-rich-tank-top-with-stay-new/p/p22140581, http://www.marksandspencer.com/chiffon-vintage-floral-tea-dress-with-camisole/p/p22314248, http://www.marksandspencer.com/3-pack-cotton-rich-assorted-trunks/p/p22095844, http://www.marksandspencer.com/2-pack-boys-ultimate-non-iron-long-sleeve-shirts-with-stainaway/p/p22140328, http://www.marksandspencer.com/boys-senior-fashion-blazer-with-stormwear-/p/p22140588, http://www.marksandspencer.com/3-pack-pure-cotton-short-sleeve-vests/p/p22129576, http://www.marksandspencer.com/2-pack-boys-ultimate-non-iron-short-sleeved-shirts-with-stainaway/p/p22140323]--BUTTON_VISIBILITY_ERROR--
	at sizeguide.pdp_sizeguide_steps.the_size_guide_button_should_be_visible_and_the_size_guide_view_should_appear(pdp_sizeguide_steps.java:108)
	at ✽.Then the size guide button should be visible and the size guide view should appear.(sizeguide/pdp_sizeguide.feature:7)
</error>
  </testcase>
  <testcase time="0.001" classname="| &quot;Boys School Uniform&quot; | &quot;l/kids/school-uniform/all-boys-school-uniform&quot; |" name="| &quot;Boys School Uniform&quot; | &quot;l/kids/school-uniform/all-boys-school-uniform&quot; |">
    <error message="--BUTTON_VISIBILITY_ERROR--[http://www.marksandspencer.com/outstanding-value-unisex-pure-cotton-jumper-with-stay-new/p/p21169706, http://www.marksandspencer.com/5-pairs-of-freshfeet-cotton-rich-school-socks/p/p22158979, http://www.marksandspencer.com/2-pack-boys-adjustable-waist-flat-front-trousers-with-stormwear-and-crease-resistance/p/p21169682, http://www.marksandspencer.com/5-pairs-of-freshfeet-cotton-rich-school-socks/p/p22231123, http://www.marksandspencer.com/5-pack-pure-cotton-assorted-slips/p/p21167179, http://www.marksandspencer.com/3-pack-cotton-rich-assorted-trunks/p/p22213454, http://www.marksandspencer.com/3-pack-superfine-pure-cotton-trunks/p/p21166542, http://www.marksandspencer.com/3-pack-cotton-rich-plain-trunks/p/p22165697, http://www.marksandspencer.com/unisex-pure-merino-wool-easy-care-jumper/p/p22306038, http://www.marksandspencer.com/boys-cotton-rich-tank-top-with-stay-new/p/p22140581, http://www.marksandspencer.com/chiffon-vintage-floral-tea-dress-with-camisole/p/p22314248, http://www.marksandspencer.com/3-pack-cotton-rich-assorted-trunks/p/p22095844, http://www.marksandspencer.com/2-pack-boys-ultimate-non-iron-long-sleeve-shirts-with-stainaway/p/p22140328, http://www.marksandspencer.com/boys-senior-fashion-blazer-with-stormwear-/p/p22140588, http://www.marksandspencer.com/3-pack-pure-cotton-short-sleeve-vests/p/p22129576, http://www.marksandspencer.com/2-pack-boys-ultimate-non-iron-short-sleeved-shirts-with-stainaway/p/p22140323]--BUTTON_VISIBILITY_ERROR--" type="java.lang.Throwable">java.lang.Throwable: --BUTTON_VISIBILITY_ERROR--[http://www.marksandspencer.com/outstanding-value-unisex-pure-cotton-jumper-with-stay-new/p/p21169706, http://www.marksandspencer.com/5-pairs-of-freshfeet-cotton-rich-school-socks/p/p22158979, http://www.marksandspencer.com/2-pack-boys-adjustable-waist-flat-front-trousers-with-stormwear-and-crease-resistance/p/p21169682, http://www.marksandspencer.com/5-pairs-of-freshfeet-cotton-rich-school-socks/p/p22231123, http://www.marksandspencer.com/5-pack-pure-cotton-assorted-slips/p/p21167179, http://www.marksandspencer.com/3-pack-cotton-rich-assorted-trunks/p/p22213454, http://www.marksandspencer.com/3-pack-superfine-pure-cotton-trunks/p/p21166542, http://www.marksandspencer.com/3-pack-cotton-rich-plain-trunks/p/p22165697, http://www.marksandspencer.com/unisex-pure-merino-wool-easy-care-jumper/p/p22306038, http://www.marksandspencer.com/boys-cotton-rich-tank-top-with-stay-new/p/p22140581, http://www.marksandspencer.com/chiffon-vintage-floral-tea-dress-with-camisole/p/p22314248, http://www.marksandspencer.com/3-pack-cotton-rich-assorted-trunks/p/p22095844, http://www.marksandspencer.com/2-pack-boys-ultimate-non-iron-long-sleeve-shirts-with-stainaway/p/p22140328, http://www.marksandspencer.com/boys-senior-fashion-blazer-with-stormwear-/p/p22140588, http://www.marksandspencer.com/3-pack-pure-cotton-short-sleeve-vests/p/p22129576, http://www.marksandspencer.com/2-pack-boys-ultimate-non-iron-short-sleeved-shirts-with-stainaway/p/p22140323]--BUTTON_VISIBILITY_ERROR--
	at sizeguide.pdp_sizeguide_steps.the_size_guide_button_should_be_visible_and_the_size_guide_view_should_appear(pdp_sizeguide_steps.java:108)
	at ✽.Then the size guide button should be visible and the size guide view should appear.(sizeguide/pdp_sizeguide.feature:7)
</error>
  </testcase>
  <testcase time="0" classname="| &quot;Girls School Uniform&quot; | &quot;l/kids/school-uniform/all-girls-school-uniform&quot; |" name="Given I visit the &quot;Girls School Uniform&quot; PLP page using &quot;l/kids/school-uniform/all-girls-school-uniform&quot; and view the top 100 best sellers"/>
  <testcase time="0" classname="| &quot;Girls School Uniform&quot; | &quot;l/kids/school-uniform/all-girls-school-uniform&quot; |" name="When I visit the PDP page of each product and click the size guide button"/>
  <testcase time="0.001" classname="| &quot;Girls School Uniform&quot; | &quot;l/kids/school-uniform/all-girls-school-uniform&quot; |" name="Then the size guide button should be visible and the size guide view should appear.">
    <error message="--BUTTON_VISIBILITY_ERROR--[http://www.marksandspencer.com/outstanding-value-unisex-pure-cotton-jumper-with-stay-new/p/p21169706, http://www.marksandspencer.com/3-pairs-of-bodysensor-school-tights/p/p22235865, http://www.marksandspencer.com/3-pairs-of-bodysensor-school-tights/p/p22235859, http://www.marksandspencer.com/2-pairs-of-60-denier-opaque-tights/p/p22120041, http://www.marksandspencer.com/5-pairs-of-cotton-rich-picot-trim-knee-high-school-socks/p/p22159777, http://www.marksandspencer.com/3-pairs-of-bodysensor-school-tights/p/p22235862, http://www.marksandspencer.com/3-pack-seam-free-shorts/p/p22146028, http://www.marksandspencer.com/3-pack-superfine-pure-cotton-sleeveless-vests/p/p21167030, http://www.marksandspencer.com/5-pairs-of-cotton-rich-knee-high-heart-socks/p/p22143466, http://www.marksandspencer.com/5-pack-pure-cotton-briefs/p/p21166680, http://www.marksandspencer.com/2-pack-pure-cotton-lace-trim-bras/p/p22197675, http://www.marksandspencer.com/3-pairs-of-bodysensor-school-tights/p/p22235866, http://www.marksandspencer.com/unisex-pure-merino-wool-easy-care-jumper/p/p22306038, http://www.marksandspencer.com/2-pack-santoni-seamfree-bow-bras/p/p22167327, http://www.marksandspencer.com/3-pairs-of-bodysensor-school-tights/p/p22235864, http://www.marksandspencer.com/2-pack-cotton-rich-assorted-bra-tops/p/p22121448, http://www.marksandspencer.com/3-pairs-of-bodysensor-school-tights/p/p22235860]--BUTTON_VISIBILITY_ERROR--" type="java.lang.Throwable">java.lang.Throwable: --BUTTON_VISIBILITY_ERROR--[http://www.marksandspencer.com/outstanding-value-unisex-pure-cotton-jumper-with-stay-new/p/p21169706, http://www.marksandspencer.com/3-pairs-of-bodysensor-school-tights/p/p22235865, http://www.marksandspencer.com/3-pairs-of-bodysensor-school-tights/p/p22235859, http://www.marksandspencer.com/2-pairs-of-60-denier-opaque-tights/p/p22120041, http://www.marksandspencer.com/5-pairs-of-cotton-rich-picot-trim-knee-high-school-socks/p/p22159777, http://www.marksandspencer.com/3-pairs-of-bodysensor-school-tights/p/p22235862, http://www.marksandspencer.com/3-pack-seam-free-shorts/p/p22146028, http://www.marksandspencer.com/3-pack-superfine-pure-cotton-sleeveless-vests/p/p21167030, http://www.marksandspencer.com/5-pairs-of-cotton-rich-knee-high-heart-socks/p/p22143466, http://www.marksandspencer.com/5-pack-pure-cotton-briefs/p/p21166680, http://www.marksandspencer.com/2-pack-pure-cotton-lace-trim-bras/p/p22197675, http://www.marksandspencer.com/3-pairs-of-bodysensor-school-tights/p/p22235866, http://www.marksandspencer.com/unisex-pure-merino-wool-easy-care-jumper/p/p22306038, http://www.marksandspencer.com/2-pack-santoni-seamfree-bow-bras/p/p22167327, http://www.marksandspencer.com/3-pairs-of-bodysensor-school-tights/p/p22235864, http://www.marksandspencer.com/2-pack-cotton-rich-assorted-bra-tops/p/p22121448, http://www.marksandspencer.com/3-pairs-of-bodysensor-school-tights/p/p22235860]--BUTTON_VISIBILITY_ERROR--
	at sizeguide.pdp_sizeguide_steps.the_size_guide_button_should_be_visible_and_the_size_guide_view_should_appear(pdp_sizeguide_steps.java:108)
	at ✽.Then the size guide button should be visible and the size guide view should appear.(sizeguide/pdp_sizeguide.feature:7)
</error>
  </testcase>
  <testcase time="0.001" classname="| &quot;Girls School Uniform&quot; | &quot;l/kids/school-uniform/all-girls-school-uniform&quot; |" name="| &quot;Girls School Uniform&quot; | &quot;l/kids/school-uniform/all-girls-school-uniform&quot; |">
    <error message="--BUTTON_VISIBILITY_ERROR--[http://www.marksandspencer.com/outstanding-value-unisex-pure-cotton-jumper-with-stay-new/p/p21169706, http://www.marksandspencer.com/3-pairs-of-bodysensor-school-tights/p/p22235865, http://www.marksandspencer.com/3-pairs-of-bodysensor-school-tights/p/p22235859, http://www.marksandspencer.com/2-pairs-of-60-denier-opaque-tights/p/p22120041, http://www.marksandspencer.com/5-pairs-of-cotton-rich-picot-trim-knee-high-school-socks/p/p22159777, http://www.marksandspencer.com/3-pairs-of-bodysensor-school-tights/p/p22235862, http://www.marksandspencer.com/3-pack-seam-free-shorts/p/p22146028, http://www.marksandspencer.com/3-pack-superfine-pure-cotton-sleeveless-vests/p/p21167030, http://www.marksandspencer.com/5-pairs-of-cotton-rich-knee-high-heart-socks/p/p22143466, http://www.marksandspencer.com/5-pack-pure-cotton-briefs/p/p21166680, http://www.marksandspencer.com/2-pack-pure-cotton-lace-trim-bras/p/p22197675, http://www.marksandspencer.com/3-pairs-of-bodysensor-school-tights/p/p22235866, http://www.marksandspencer.com/unisex-pure-merino-wool-easy-care-jumper/p/p22306038, http://www.marksandspencer.com/2-pack-santoni-seamfree-bow-bras/p/p22167327, http://www.marksandspencer.com/3-pairs-of-bodysensor-school-tights/p/p22235864, http://www.marksandspencer.com/2-pack-cotton-rich-assorted-bra-tops/p/p22121448, http://www.marksandspencer.com/3-pairs-of-bodysensor-school-tights/p/p22235860]--BUTTON_VISIBILITY_ERROR--" type="java.lang.Throwable">java.lang.Throwable: --BUTTON_VISIBILITY_ERROR--[http://www.marksandspencer.com/outstanding-value-unisex-pure-cotton-jumper-with-stay-new/p/p21169706, http://www.marksandspencer.com/3-pairs-of-bodysensor-school-tights/p/p22235865, http://www.marksandspencer.com/3-pairs-of-bodysensor-school-tights/p/p22235859, http://www.marksandspencer.com/2-pairs-of-60-denier-opaque-tights/p/p22120041, http://www.marksandspencer.com/5-pairs-of-cotton-rich-picot-trim-knee-high-school-socks/p/p22159777, http://www.marksandspencer.com/3-pairs-of-bodysensor-school-tights/p/p22235862, http://www.marksandspencer.com/3-pack-seam-free-shorts/p/p22146028, http://www.marksandspencer.com/3-pack-superfine-pure-cotton-sleeveless-vests/p/p21167030, http://www.marksandspencer.com/5-pairs-of-cotton-rich-knee-high-heart-socks/p/p22143466, http://www.marksandspencer.com/5-pack-pure-cotton-briefs/p/p21166680, http://www.marksandspencer.com/2-pack-pure-cotton-lace-trim-bras/p/p22197675, http://www.marksandspencer.com/3-pairs-of-bodysensor-school-tights/p/p22235866, http://www.marksandspencer.com/unisex-pure-merino-wool-easy-care-jumper/p/p22306038, http://www.marksandspencer.com/2-pack-santoni-seamfree-bow-bras/p/p22167327, http://www.marksandspencer.com/3-pairs-of-bodysensor-school-tights/p/p22235864, http://www.marksandspencer.com/2-pack-cotton-rich-assorted-bra-tops/p/p22121448, http://www.marksandspencer.com/3-pairs-of-bodysensor-school-tights/p/p22235860]--BUTTON_VISIBILITY_ERROR--
	at sizeguide.pdp_sizeguide_steps.the_size_guide_button_should_be_visible_and_the_size_guide_view_should_appear(pdp_sizeguide_steps.java:108)
	at ✽.Then the size guide button should be visible and the size guide view should appear.(sizeguide/pdp_sizeguide.feature:7)
</error>
  </testcase>
  <testcase time="0" classname="| &quot;All Baby Boys&quot; | &quot;l/kids/baby-up-to-2-yrs/all-baby-boys&quot; |" name="Given I visit the &quot;All Baby Boys&quot; PLP page using &quot;l/kids/baby-up-to-2-yrs/all-baby-boys&quot; and view the top 100 best sellers"/>
  <testcase time="0" classname="| &quot;All Baby Boys&quot; | &quot;l/kids/baby-up-to-2-yrs/all-baby-boys&quot; |" name="When I visit the PDP page of each product and click the size guide button"/>
  <testcase time="0" classname="| &quot;All Baby Boys&quot; | &quot;l/kids/baby-up-to-2-yrs/all-baby-boys&quot; |" name="Then the size guide button should be visible and the size guide view should appear."/>
  <testcase time="0.001" classname="| &quot;All Baby Boys&quot; | &quot;l/kids/baby-up-to-2-yrs/all-baby-boys&quot; |" name="| &quot;All Baby Boys&quot; | &quot;l/kids/baby-up-to-2-yrs/all-baby-boys&quot; |"/>
  <testcase time="0" classname="| &quot;All Baby Girls&quot; | &quot;l/kids/baby-up-to-2-yrs/all-baby-girls&quot; |" name="Given I visit the &quot;All Baby Girls&quot; PLP page using &quot;l/kids/baby-up-to-2-yrs/all-baby-girls&quot; and view the top 100 best sellers"/>
  <testcase time="0" classname="| &quot;All Baby Girls&quot; | &quot;l/kids/baby-up-to-2-yrs/all-baby-girls&quot; |" name="When I visit the PDP page of each product and click the size guide button"/>
  <testcase time="0.001" classname="| &quot;All Baby Girls&quot; | &quot;l/kids/baby-up-to-2-yrs/all-baby-girls&quot; |" name="Then the size guide button should be visible and the size guide view should appear."/>
  <testcase time="0.001" classname="| &quot;All Baby Girls&quot; | &quot;l/kids/baby-up-to-2-yrs/all-baby-girls&quot; |" name="| &quot;All Baby Girls&quot; | &quot;l/kids/baby-up-to-2-yrs/all-baby-girls&quot; |"/>
  <testcase time="0" classname="| &quot;Newborn&quot; | &quot;l/kids/baby-up-to-2-yrs/newborn&quot; |" name="Given I visit the &quot;Newborn&quot; PLP page using &quot;l/kids/baby-up-to-2-yrs/newborn&quot; and view the top 100 best sellers"/>
  <testcase time="0" classname="| &quot;Newborn&quot; | &quot;l/kids/baby-up-to-2-yrs/newborn&quot; |" name="When I visit the PDP page of each product and click the size guide button"/>
  <testcase time="0.001" classname="| &quot;Newborn&quot; | &quot;l/kids/baby-up-to-2-yrs/newborn&quot; |" name="Then the size guide button should be visible and the size guide view should appear.">
    <error message="--BUTTON_VISIBILITY_ERROR--[http://www.marksandspencer.com/peppa-pig-soft-toy/p/p22338696, http://www.marksandspencer.com/knitted-robin/p/p22337743, http://www.marksandspencer.com/flopsy-mopsy-and-cottontail-comforter/p/p22338726, http://www.marksandspencer.com/dog-comfort-new-soft-toy/p/p22334948, http://www.marksandspencer.com/high-chair-toy/p/p22337766]--BUTTON_VISIBILITY_ERROR--" type="java.lang.Throwable">java.lang.Throwable: --BUTTON_VISIBILITY_ERROR--[http://www.marksandspencer.com/peppa-pig-soft-toy/p/p22338696, http://www.marksandspencer.com/knitted-robin/p/p22337743, http://www.marksandspencer.com/flopsy-mopsy-and-cottontail-comforter/p/p22338726, http://www.marksandspencer.com/dog-comfort-new-soft-toy/p/p22334948, http://www.marksandspencer.com/high-chair-toy/p/p22337766]--BUTTON_VISIBILITY_ERROR--
	at sizeguide.pdp_sizeguide_steps.the_size_guide_button_should_be_visible_and_the_size_guide_view_should_appear(pdp_sizeguide_steps.java:108)
	at ✽.Then the size guide button should be visible and the size guide view should appear.(sizeguide/pdp_sizeguide.feature:7)
</error>
  </testcase>
  <testcase time="0.001" classname="| &quot;Newborn&quot; | &quot;l/kids/baby-up-to-2-yrs/newborn&quot; |" name="| &quot;Newborn&quot; | &quot;l/kids/baby-up-to-2-yrs/newborn&quot; |">
    <error message="--BUTTON_VISIBILITY_ERROR--[http://www.marksandspencer.com/peppa-pig-soft-toy/p/p22338696, http://www.marksandspencer.com/knitted-robin/p/p22337743, http://www.marksandspencer.com/flopsy-mopsy-and-cottontail-comforter/p/p22338726, http://www.marksandspencer.com/dog-comfort-new-soft-toy/p/p22334948, http://www.marksandspencer.com/high-chair-toy/p/p22337766]--BUTTON_VISIBILITY_ERROR--" type="java.lang.Throwable">java.lang.Throwable: --BUTTON_VISIBILITY_ERROR--[http://www.marksandspencer.com/peppa-pig-soft-toy/p/p22338696, http://www.marksandspencer.com/knitted-robin/p/p22337743, http://www.marksandspencer.com/flopsy-mopsy-and-cottontail-comforter/p/p22338726, http://www.marksandspencer.com/dog-comfort-new-soft-toy/p/p22334948, http://www.marksandspencer.com/high-chair-toy/p/p22337766]--BUTTON_VISIBILITY_ERROR--
	at sizeguide.pdp_sizeguide_steps.the_size_guide_button_should_be_visible_and_the_size_guide_view_should_appear(pdp_sizeguide_steps.java:108)
	at ✽.Then the size guide button should be visible and the size guide view should appear.(sizeguide/pdp_sizeguide.feature:7)
</error>
  </testcase>
  <testcase time="0" classname="| &quot;Unisex&quot; | &quot;l/kids/baby-up-to-2-yrs/unisex-up-to-2-yrs&quot; |" name="Given I visit the &quot;Unisex&quot; PLP page using &quot;l/kids/baby-up-to-2-yrs/unisex-up-to-2-yrs&quot; and view the top 100 best sellers"/>
  <testcase time="0.001" classname="| &quot;Unisex&quot; | &quot;l/kids/baby-up-to-2-yrs/unisex-up-to-2-yrs&quot; |" name="When I visit the PDP page of each product and click the size guide button"/>
  <testcase time="0" classname="| &quot;Unisex&quot; | &quot;l/kids/baby-up-to-2-yrs/unisex-up-to-2-yrs&quot; |" name="Then the size guide button should be visible and the size guide view should appear."/>
  <testcase time="0.001" classname="| &quot;Unisex&quot; | &quot;l/kids/baby-up-to-2-yrs/unisex-up-to-2-yrs&quot; |" name="| &quot;Unisex&quot; | &quot;l/kids/baby-up-to-2-yrs/unisex-up-to-2-yrs&quot; |"/>
  <testcase time="0.001" classname="| &quot;Baby Gifts&quot; | &quot;l/kids/baby-up-to-2-yrs/baby-gifts&quot; |" name="Given I visit the &quot;Baby Gifts&quot; PLP page using &quot;l/kids/baby-up-to-2-yrs/baby-gifts&quot; and view the top 100 best sellers"/>
  <testcase time="0.001" classname="| &quot;Baby Gifts&quot; | &quot;l/kids/baby-up-to-2-yrs/baby-gifts&quot; |" name="When I visit the PDP page of each product and click the size guide button"/>
  <testcase time="0.014" classname="| &quot;Baby Gifts&quot; | &quot;l/kids/baby-up-to-2-yrs/baby-gifts&quot; |" name="Then the size guide button should be visible and the size guide view should appear.">
    <error message="--BUTTON_VISIBILITY_ERROR--[http://www.marksandspencer.com/baby-s-first-teddy-christmas-decoration/p/p22326990, http://www.marksandspencer.com/suitcase-gift/p/p22328340, http://www.marksandspencer.com/fizzers-gift-set/p/p22328334, http://www.marksandspencer.com/paddington-bear-welly-boots-soap-gift-set/p/p22328336, http://www.marksandspencer.com/letterbox/p/p22328337, http://www.marksandspencer.com/wash-mitt-and-bubble-bath-gift-set/p/p22328338, http://www.marksandspencer.com/baby-s-first-snow-globe-christmas-decoration/p/p22333148, http://www.marksandspencer.com/2-cute-animals-new-baby-sheet-wrapping-papers/p/p22290410, http://www.marksandspencer.com/baby-girl-celebration-gift-bag/p/p60044565, http://www.marksandspencer.com/baby-boy-celebration-gift-bag/p/p60044566, http://www.marksandspencer.com/bunny-deluxe-soft-pink-comforter-toy/p/p22284620, http://www.marksandspencer.com/knitted-giraffe-toy/p/p22284621, http://www.marksandspencer.com/bus-gift-set/p/p22328339, http://www.marksandspencer.com/2-cute-animals-new-baby-sheet-wrapping-papers/p/p22254452, http://www.marksandspencer.com/knitted-giraffe-soft-toy/p/p22284612, http://www.marksandspencer.com/medium-koala-baby-gift-bag/p/p22290390, http://www.marksandspencer.com/large-koala-baby-gift-bag/p/p22254392, http://www.marksandspencer.com/baby-plush-rattle/p/p22294886, http://www.marksandspencer.com/medium-baby-boy-gift-bag/p/p22254385, http://www.marksandspencer.com/large-new-baby-little-acorn-gift-bag/p/p22261528, http://www.marksandspencer.com/baby-boy-handmade-gift-tag/p/p22291707, http://www.marksandspencer.com/2-pack-pastel-pink-and-blue-decorative-tape/p/p22256825, http://www.marksandspencer.com/pure-new-baby-gift-set/p/p22192669, http://www.marksandspencer.com/baby-girl-handmade-gift-tag/p/p22291697, http://www.marksandspencer.com/silver-round-box-with-heart/p/p22339337, http://www.marksandspencer.com/rabbit-comforter-toy/p/p22236127, http://www.marksandspencer.com/elephant-comforter/p/p22236128, http://www.marksandspencer.com/elephant-jingle-stick-toy/p/p22153857, http://www.marksandspencer.com/emily-button-daisy-doll/p/p22286837, http://www.marksandspencer.com/dog-grabber-toy/p/p22153852, http://www.marksandspencer.com/baby-book/p/p22337458, http://www.marksandspencer.com/rabbit-jingle-stick-toy/p/p22153856, http://www.marksandspencer.com/girls-with-love-flat-elephant-toy/p/p22121265, http://www.marksandspencer.com/knitted-soldier-soft-toy/p/p22337748, http://www.marksandspencer.com/mummy-mug/p/p22294890, http://www.marksandspencer.com/musical-star-cot-toy/p/p22236132, http://www.marksandspencer.com/bunny-grabber/p/p22153851, http://www.marksandspencer.com/boys-with-love-flat-elephant-toy/p/p22122701, http://www.marksandspencer.com/daddy-mug/p/p22302879, http://www.marksandspencer.com/rabbit-comforter-toy-and-blanket-gift-set/p/p22153861, http://www.marksandspencer.com/elephant-comforter-toy-and-blanket-gift-set/p/p22153860, http://www.marksandspencer.com/sleeptime-bear-soft-toy/p/p22285599, http://www.marksandspencer.com/bear-soft-toy-and-star-blanket-set/p/p22337449, http://www.marksandspencer.com/mini-rabbit-soft-toy/p/p22284611, http://www.marksandspencer.com/elephant-deluxe-soft-blue-comforter-toy/p/p22284613, http://www.marksandspencer.com/musical-star-cot-toy/p/p22236131, http://www.marksandspencer.com/classic-bear-soft-toy/p/p22236126, http://www.marksandspencer.com/baby-picture-frame/p/p22294883, http://www.marksandspencer.com/medium-baby-girl-gift-bag/p/p22254384, http://www.marksandspencer.com/my-first-year-keepsake-book/p/p22236065, http://www.marksandspencer.com/baby-led-star-light/p/p22294877, http://www.marksandspencer.com/stripy-elephant-soft-toy/p/p22284615, http://www.marksandspencer.com/flat-pack-new-baby-gift-box/p/p22254390, http://www.marksandspencer.com/baby-imprint-maker-and-photo-frame/p/p22202470, http://www.marksandspencer.com/winnie-the-pooh-heritage-certificate-holder/p/p22121170, http://www.marksandspencer.com/winnie-the-pooh-heritage-keepsake-box/p/p22121168, http://www.marksandspencer.com/fabric-giraffe/p/p22280670, http://www.marksandspencer.com/striped-elephant-toy/p/p22284623, http://www.marksandspencer.com/wooden-hanging-keepsake-box/p/p22294885, http://www.marksandspencer.com/baby-cup-plate-and-bowl-gift-set/p/p22294887, http://www.marksandspencer.com/ceramic-cloud-money-box/p/p22294872, http://www.marksandspencer.com/decorative-nursery-shelves/p/p22294874, http://www.marksandspencer.com/bear-comforter-toy/p/p22153844, http://www.marksandspencer.com/baby-imprint-maker-and-photo-frame/p/p22202468, http://www.marksandspencer.com/2-pink-striped-sheet-wrapping-papers/p/p22144288, http://www.marksandspencer.com/baby-keepsake-box/p/p22294873, http://www.marksandspencer.com/baby-height-chart/p/p22294876, http://www.marksandspencer.com/winnie-the-pooh-heritage-money-box/p/p22121159, http://www.marksandspencer.com/winnie-the-pooh-heritage-door-hanger/p/p22121161, http://www.marksandspencer.com/striped-bunny-soft-toy/p/p22284619, http://www.marksandspencer.com/winnie-the-pooh-heritage-records-book/p/p22121164, http://www.marksandspencer.com/winnie-the-pooh-heritage-breakfast-set/p/p22121158, http://www.marksandspencer.com/winnie-the-pooh-heritage-keepsake-pot/p/p22121160, http://www.marksandspencer.com/baby-keepsake-hand-and-footprint-kit/p/p22294884, http://www.marksandspencer.com/2-elephant-and-rabbit-baby-sheet-wraps/p/p22127748, http://www.marksandspencer.com/winnie-the-pooh-new-baby-sheet-wrap/p/p22199016, http://www.marksandspencer.com/winnie-the-pooh-heritage-doorstop/p/p22121165, http://www.marksandspencer.com/baby-fabric-bunting/p/p22294881, http://www.marksandspencer.com/baby-record-book/p/p22294880, http://www.marksandspencer.com/hello-baby-photo-album/p/p22294889, http://www.marksandspencer.com/classic-bear-soft-toy/p/p22236125, http://www.marksandspencer.com/winnie-the-pooh-heritage-photo-album/p/p22121166, http://www.marksandspencer.com/baby-tooth-and-curl-pots/p/p22294882, http://www.marksandspencer.com/2-cute-baby-boy-sheet-wrapping-papers/p/p22254454, http://www.marksandspencer.com/large-baby-photo-album/p/p22294879]--BUTTON_VISIBILITY_ERROR--" type="java.lang.Throwable">java.lang.Throwable: --BUTTON_VISIBILITY_ERROR--[http://www.marksandspencer.com/baby-s-first-teddy-christmas-decoration/p/p22326990, http://www.marksandspencer.com/suitcase-gift/p/p22328340, http://www.marksandspencer.com/fizzers-gift-set/p/p22328334, http://www.marksandspencer.com/paddington-bear-welly-boots-soap-gift-set/p/p22328336, http://www.marksandspencer.com/letterbox/p/p22328337, http://www.marksandspencer.com/wash-mitt-and-bubble-bath-gift-set/p/p22328338, http://www.marksandspencer.com/baby-s-first-snow-globe-christmas-decoration/p/p22333148, http://www.marksandspencer.com/2-cute-animals-new-baby-sheet-wrapping-papers/p/p22290410, http://www.marksandspencer.com/baby-girl-celebration-gift-bag/p/p60044565, http://www.marksandspencer.com/baby-boy-celebration-gift-bag/p/p60044566, http://www.marksandspencer.com/bunny-deluxe-soft-pink-comforter-toy/p/p22284620, http://www.marksandspencer.com/knitted-giraffe-toy/p/p22284621, http://www.marksandspencer.com/bus-gift-set/p/p22328339, http://www.marksandspencer.com/2-cute-animals-new-baby-sheet-wrapping-papers/p/p22254452, http://www.marksandspencer.com/knitted-giraffe-soft-toy/p/p22284612, http://www.marksandspencer.com/medium-koala-baby-gift-bag/p/p22290390, http://www.marksandspencer.com/large-koala-baby-gift-bag/p/p22254392, http://www.marksandspencer.com/baby-plush-rattle/p/p22294886, http://www.marksandspencer.com/medium-baby-boy-gift-bag/p/p22254385, http://www.marksandspencer.com/large-new-baby-little-acorn-gift-bag/p/p22261528, http://www.marksandspencer.com/baby-boy-handmade-gift-tag/p/p22291707, http://www.marksandspencer.com/2-pack-pastel-pink-and-blue-decorative-tape/p/p22256825, http://www.marksandspencer.com/pure-new-baby-gift-set/p/p22192669, http://www.marksandspencer.com/baby-girl-handmade-gift-tag/p/p22291697, http://www.marksandspencer.com/silver-round-box-with-heart/p/p22339337, http://www.marksandspencer.com/rabbit-comforter-toy/p/p22236127, http://www.marksandspencer.com/elephant-comforter/p/p22236128, http://www.marksandspencer.com/elephant-jingle-stick-toy/p/p22153857, http://www.marksandspencer.com/emily-button-daisy-doll/p/p22286837, http://www.marksandspencer.com/dog-grabber-toy/p/p22153852, http://www.marksandspencer.com/baby-book/p/p22337458, http://www.marksandspencer.com/rabbit-jingle-stick-toy/p/p22153856, http://www.marksandspencer.com/girls-with-love-flat-elephant-toy/p/p22121265, http://www.marksandspencer.com/knitted-soldier-soft-toy/p/p22337748, http://www.marksandspencer.com/mummy-mug/p/p22294890, http://www.marksandspencer.com/musical-star-cot-toy/p/p22236132, http://www.marksandspencer.com/bunny-grabber/p/p22153851, http://www.marksandspencer.com/boys-with-love-flat-elephant-toy/p/p22122701, http://www.marksandspencer.com/daddy-mug/p/p22302879, http://www.marksandspencer.com/rabbit-comforter-toy-and-blanket-gift-set/p/p22153861, http://www.marksandspencer.com/elephant-comforter-toy-and-blanket-gift-set/p/p22153860, http://www.marksandspencer.com/sleeptime-bear-soft-toy/p/p22285599, http://www.marksandspencer.com/bear-soft-toy-and-star-blanket-set/p/p22337449, http://www.marksandspencer.com/mini-rabbit-soft-toy/p/p22284611, http://www.marksandspencer.com/elephant-deluxe-soft-blue-comforter-toy/p/p22284613, http://www.marksandspencer.com/musical-star-cot-toy/p/p22236131, http://www.marksandspencer.com/classic-bear-soft-toy/p/p22236126, http://www.marksandspencer.com/baby-picture-frame/p/p22294883, http://www.marksandspencer.com/medium-baby-girl-gift-bag/p/p22254384, http://www.marksandspencer.com/my-first-year-keepsake-book/p/p22236065, http://www.marksandspencer.com/baby-led-star-light/p/p22294877, http://www.marksandspencer.com/stripy-elephant-soft-toy/p/p22284615, http://www.marksandspencer.com/flat-pack-new-baby-gift-box/p/p22254390, http://www.marksandspencer.com/baby-imprint-maker-and-photo-frame/p/p22202470, http://www.marksandspencer.com/winnie-the-pooh-heritage-certificate-holder/p/p22121170, http://www.marksandspencer.com/winnie-the-pooh-heritage-keepsake-box/p/p22121168, http://www.marksandspencer.com/fabric-giraffe/p/p22280670, http://www.marksandspencer.com/striped-elephant-toy/p/p22284623, http://www.marksandspencer.com/wooden-hanging-keepsake-box/p/p22294885, http://www.marksandspencer.com/baby-cup-plate-and-bowl-gift-set/p/p22294887, http://www.marksandspencer.com/ceramic-cloud-money-box/p/p22294872, http://www.marksandspencer.com/decorative-nursery-shelves/p/p22294874, http://www.marksandspencer.com/bear-comforter-toy/p/p22153844, http://www.marksandspencer.com/baby-imprint-maker-and-photo-frame/p/p22202468, http://www.marksandspencer.com/2-pink-striped-sheet-wrapping-papers/p/p22144288, http://www.marksandspencer.com/baby-keepsake-box/p/p22294873, http://www.marksandspencer.com/baby-height-chart/p/p22294876, http://www.marksandspencer.com/winnie-the-pooh-heritage-money-box/p/p22121159, http://www.marksandspencer.com/winnie-the-pooh-heritage-door-hanger/p/p22121161, http://www.marksandspencer.com/striped-bunny-soft-toy/p/p22284619, http://www.marksandspencer.com/winnie-the-pooh-heritage-records-book/p/p22121164, http://www.marksandspencer.com/winnie-the-pooh-heritage-breakfast-set/p/p22121158, http://www.marksandspencer.com/winnie-the-pooh-heritage-keepsake-pot/p/p22121160, http://www.marksandspencer.com/baby-keepsake-hand-and-footprint-kit/p/p22294884, http://www.marksandspencer.com/2-elephant-and-rabbit-baby-sheet-wraps/p/p22127748, http://www.marksandspencer.com/winnie-the-pooh-new-baby-sheet-wrap/p/p22199016, http://www.marksandspencer.com/winnie-the-pooh-heritage-doorstop/p/p22121165, http://www.marksandspencer.com/baby-fabric-bunting/p/p22294881, http://www.marksandspencer.com/baby-record-book/p/p22294880, http://www.marksandspencer.com/hello-baby-photo-album/p/p22294889, http://www.marksandspencer.com/classic-bear-soft-toy/p/p22236125, http://www.marksandspencer.com/winnie-the-pooh-heritage-photo-album/p/p22121166, http://www.marksandspencer.com/baby-tooth-and-curl-pots/p/p22294882, http://www.marksandspencer.com/2-cute-baby-boy-sheet-wrapping-papers/p/p22254454, http://www.marksandspencer.com/large-baby-photo-album/p/p22294879]--BUTTON_VISIBILITY_ERROR--
	at sizeguide.pdp_sizeguide_steps.the_size_guide_button_should_be_visible_and_the_size_guide_view_should_appear(pdp_sizeguide_steps.java:108)
	at ✽.Then the size guide button should be visible and the size guide view should appear.(sizeguide/pdp_sizeguide.feature:7)
</error>
  </testcase>
  <testcase time="0.015" classname="| &quot;Baby Gifts&quot; | &quot;l/kids/baby-up-to-2-yrs/baby-gifts&quot; |" name="| &quot;Baby Gifts&quot; | &quot;l/kids/baby-up-to-2-yrs/baby-gifts&quot; |">
    <error message="--BUTTON_VISIBILITY_ERROR--[http://www.marksandspencer.com/baby-s-first-teddy-christmas-decoration/p/p22326990, http://www.marksandspencer.com/suitcase-gift/p/p22328340, http://www.marksandspencer.com/fizzers-gift-set/p/p22328334, http://www.marksandspencer.com/paddington-bear-welly-boots-soap-gift-set/p/p22328336, http://www.marksandspencer.com/letterbox/p/p22328337, http://www.marksandspencer.com/wash-mitt-and-bubble-bath-gift-set/p/p22328338, http://www.marksandspencer.com/baby-s-first-snow-globe-christmas-decoration/p/p22333148, http://www.marksandspencer.com/2-cute-animals-new-baby-sheet-wrapping-papers/p/p22290410, http://www.marksandspencer.com/baby-girl-celebration-gift-bag/p/p60044565, http://www.marksandspencer.com/baby-boy-celebration-gift-bag/p/p60044566, http://www.marksandspencer.com/bunny-deluxe-soft-pink-comforter-toy/p/p22284620, http://www.marksandspencer.com/knitted-giraffe-toy/p/p22284621, http://www.marksandspencer.com/bus-gift-set/p/p22328339, http://www.marksandspencer.com/2-cute-animals-new-baby-sheet-wrapping-papers/p/p22254452, http://www.marksandspencer.com/knitted-giraffe-soft-toy/p/p22284612, http://www.marksandspencer.com/medium-koala-baby-gift-bag/p/p22290390, http://www.marksandspencer.com/large-koala-baby-gift-bag/p/p22254392, http://www.marksandspencer.com/baby-plush-rattle/p/p22294886, http://www.marksandspencer.com/medium-baby-boy-gift-bag/p/p22254385, http://www.marksandspencer.com/large-new-baby-little-acorn-gift-bag/p/p22261528, http://www.marksandspencer.com/baby-boy-handmade-gift-tag/p/p22291707, http://www.marksandspencer.com/2-pack-pastel-pink-and-blue-decorative-tape/p/p22256825, http://www.marksandspencer.com/pure-new-baby-gift-set/p/p22192669, http://www.marksandspencer.com/baby-girl-handmade-gift-tag/p/p22291697, http://www.marksandspencer.com/silver-round-box-with-heart/p/p22339337, http://www.marksandspencer.com/rabbit-comforter-toy/p/p22236127, http://www.marksandspencer.com/elephant-comforter/p/p22236128, http://www.marksandspencer.com/elephant-jingle-stick-toy/p/p22153857, http://www.marksandspencer.com/emily-button-daisy-doll/p/p22286837, http://www.marksandspencer.com/dog-grabber-toy/p/p22153852, http://www.marksandspencer.com/baby-book/p/p22337458, http://www.marksandspencer.com/rabbit-jingle-stick-toy/p/p22153856, http://www.marksandspencer.com/girls-with-love-flat-elephant-toy/p/p22121265, http://www.marksandspencer.com/knitted-soldier-soft-toy/p/p22337748, http://www.marksandspencer.com/mummy-mug/p/p22294890, http://www.marksandspencer.com/musical-star-cot-toy/p/p22236132, http://www.marksandspencer.com/bunny-grabber/p/p22153851, http://www.marksandspencer.com/boys-with-love-flat-elephant-toy/p/p22122701, http://www.marksandspencer.com/daddy-mug/p/p22302879, http://www.marksandspencer.com/rabbit-comforter-toy-and-blanket-gift-set/p/p22153861, http://www.marksandspencer.com/elephant-comforter-toy-and-blanket-gift-set/p/p22153860, http://www.marksandspencer.com/sleeptime-bear-soft-toy/p/p22285599, http://www.marksandspencer.com/bear-soft-toy-and-star-blanket-set/p/p22337449, http://www.marksandspencer.com/mini-rabbit-soft-toy/p/p22284611, http://www.marksandspencer.com/elephant-deluxe-soft-blue-comforter-toy/p/p22284613, http://www.marksandspencer.com/musical-star-cot-toy/p/p22236131, http://www.marksandspencer.com/classic-bear-soft-toy/p/p22236126, http://www.marksandspencer.com/baby-picture-frame/p/p22294883, http://www.marksandspencer.com/medium-baby-girl-gift-bag/p/p22254384, http://www.marksandspencer.com/my-first-year-keepsake-book/p/p22236065, http://www.marksandspencer.com/baby-led-star-light/p/p22294877, http://www.marksandspencer.com/stripy-elephant-soft-toy/p/p22284615, http://www.marksandspencer.com/flat-pack-new-baby-gift-box/p/p22254390, http://www.marksandspencer.com/baby-imprint-maker-and-photo-frame/p/p22202470, http://www.marksandspencer.com/winnie-the-pooh-heritage-certificate-holder/p/p22121170, http://www.marksandspencer.com/winnie-the-pooh-heritage-keepsake-box/p/p22121168, http://www.marksandspencer.com/fabric-giraffe/p/p22280670, http://www.marksandspencer.com/striped-elephant-toy/p/p22284623, http://www.marksandspencer.com/wooden-hanging-keepsake-box/p/p22294885, http://www.marksandspencer.com/baby-cup-plate-and-bowl-gift-set/p/p22294887, http://www.marksandspencer.com/ceramic-cloud-money-box/p/p22294872, http://www.marksandspencer.com/decorative-nursery-shelves/p/p22294874, http://www.marksandspencer.com/bear-comforter-toy/p/p22153844, http://www.marksandspencer.com/baby-imprint-maker-and-photo-frame/p/p22202468, http://www.marksandspencer.com/2-pink-striped-sheet-wrapping-papers/p/p22144288, http://www.marksandspencer.com/baby-keepsake-box/p/p22294873, http://www.marksandspencer.com/baby-height-chart/p/p22294876, http://www.marksandspencer.com/winnie-the-pooh-heritage-money-box/p/p22121159, http://www.marksandspencer.com/winnie-the-pooh-heritage-door-hanger/p/p22121161, http://www.marksandspencer.com/striped-bunny-soft-toy/p/p22284619, http://www.marksandspencer.com/winnie-the-pooh-heritage-records-book/p/p22121164, http://www.marksandspencer.com/winnie-the-pooh-heritage-breakfast-set/p/p22121158, http://www.marksandspencer.com/winnie-the-pooh-heritage-keepsake-pot/p/p22121160, http://www.marksandspencer.com/baby-keepsake-hand-and-footprint-kit/p/p22294884, http://www.marksandspencer.com/2-elephant-and-rabbit-baby-sheet-wraps/p/p22127748, http://www.marksandspencer.com/winnie-the-pooh-new-baby-sheet-wrap/p/p22199016, http://www.marksandspencer.com/winnie-the-pooh-heritage-doorstop/p/p22121165, http://www.marksandspencer.com/baby-fabric-bunting/p/p22294881, http://www.marksandspencer.com/baby-record-book/p/p22294880, http://www.marksandspencer.com/hello-baby-photo-album/p/p22294889, http://www.marksandspencer.com/classic-bear-soft-toy/p/p22236125, http://www.marksandspencer.com/winnie-the-pooh-heritage-photo-album/p/p22121166, http://www.marksandspencer.com/baby-tooth-and-curl-pots/p/p22294882, http://www.marksandspencer.com/2-cute-baby-boy-sheet-wrapping-papers/p/p22254454, http://www.marksandspencer.com/large-baby-photo-album/p/p22294879]--BUTTON_VISIBILITY_ERROR--" type="java.lang.Throwable">java.lang.Throwable: --BUTTON_VISIBILITY_ERROR--[http://www.marksandspencer.com/baby-s-first-teddy-christmas-decoration/p/p22326990, http://www.marksandspencer.com/suitcase-gift/p/p22328340, http://www.marksandspencer.com/fizzers-gift-set/p/p22328334, http://www.marksandspencer.com/paddington-bear-welly-boots-soap-gift-set/p/p22328336, http://www.marksandspencer.com/letterbox/p/p22328337, http://www.marksandspencer.com/wash-mitt-and-bubble-bath-gift-set/p/p22328338, http://www.marksandspencer.com/baby-s-first-snow-globe-christmas-decoration/p/p22333148, http://www.marksandspencer.com/2-cute-animals-new-baby-sheet-wrapping-papers/p/p22290410, http://www.marksandspencer.com/baby-girl-celebration-gift-bag/p/p60044565, http://www.marksandspencer.com/baby-boy-celebration-gift-bag/p/p60044566, http://www.marksandspencer.com/bunny-deluxe-soft-pink-comforter-toy/p/p22284620, http://www.marksandspencer.com/knitted-giraffe-toy/p/p22284621, http://www.marksandspencer.com/bus-gift-set/p/p22328339, http://www.marksandspencer.com/2-cute-animals-new-baby-sheet-wrapping-papers/p/p22254452, http://www.marksandspencer.com/knitted-giraffe-soft-toy/p/p22284612, http://www.marksandspencer.com/medium-koala-baby-gift-bag/p/p22290390, http://www.marksandspencer.com/large-koala-baby-gift-bag/p/p22254392, http://www.marksandspencer.com/baby-plush-rattle/p/p22294886, http://www.marksandspencer.com/medium-baby-boy-gift-bag/p/p22254385, http://www.marksandspencer.com/large-new-baby-little-acorn-gift-bag/p/p22261528, http://www.marksandspencer.com/baby-boy-handmade-gift-tag/p/p22291707, http://www.marksandspencer.com/2-pack-pastel-pink-and-blue-decorative-tape/p/p22256825, http://www.marksandspencer.com/pure-new-baby-gift-set/p/p22192669, http://www.marksandspencer.com/baby-girl-handmade-gift-tag/p/p22291697, http://www.marksandspencer.com/silver-round-box-with-heart/p/p22339337, http://www.marksandspencer.com/rabbit-comforter-toy/p/p22236127, http://www.marksandspencer.com/elephant-comforter/p/p22236128, http://www.marksandspencer.com/elephant-jingle-stick-toy/p/p22153857, http://www.marksandspencer.com/emily-button-daisy-doll/p/p22286837, http://www.marksandspencer.com/dog-grabber-toy/p/p22153852, http://www.marksandspencer.com/baby-book/p/p22337458, http://www.marksandspencer.com/rabbit-jingle-stick-toy/p/p22153856, http://www.marksandspencer.com/girls-with-love-flat-elephant-toy/p/p22121265, http://www.marksandspencer.com/knitted-soldier-soft-toy/p/p22337748, http://www.marksandspencer.com/mummy-mug/p/p22294890, http://www.marksandspencer.com/musical-star-cot-toy/p/p22236132, http://www.marksandspencer.com/bunny-grabber/p/p22153851, http://www.marksandspencer.com/boys-with-love-flat-elephant-toy/p/p22122701, http://www.marksandspencer.com/daddy-mug/p/p22302879, http://www.marksandspencer.com/rabbit-comforter-toy-and-blanket-gift-set/p/p22153861, http://www.marksandspencer.com/elephant-comforter-toy-and-blanket-gift-set/p/p22153860, http://www.marksandspencer.com/sleeptime-bear-soft-toy/p/p22285599, http://www.marksandspencer.com/bear-soft-toy-and-star-blanket-set/p/p22337449, http://www.marksandspencer.com/mini-rabbit-soft-toy/p/p22284611, http://www.marksandspencer.com/elephant-deluxe-soft-blue-comforter-toy/p/p22284613, http://www.marksandspencer.com/musical-star-cot-toy/p/p22236131, http://www.marksandspencer.com/classic-bear-soft-toy/p/p22236126, http://www.marksandspencer.com/baby-picture-frame/p/p22294883, http://www.marksandspencer.com/medium-baby-girl-gift-bag/p/p22254384, http://www.marksandspencer.com/my-first-year-keepsake-book/p/p22236065, http://www.marksandspencer.com/baby-led-star-light/p/p22294877, http://www.marksandspencer.com/stripy-elephant-soft-toy/p/p22284615, http://www.marksandspencer.com/flat-pack-new-baby-gift-box/p/p22254390, http://www.marksandspencer.com/baby-imprint-maker-and-photo-frame/p/p22202470, http://www.marksandspencer.com/winnie-the-pooh-heritage-certificate-holder/p/p22121170, http://www.marksandspencer.com/winnie-the-pooh-heritage-keepsake-box/p/p22121168, http://www.marksandspencer.com/fabric-giraffe/p/p22280670, http://www.marksandspencer.com/striped-elephant-toy/p/p22284623, http://www.marksandspencer.com/wooden-hanging-keepsake-box/p/p22294885, http://www.marksandspencer.com/baby-cup-plate-and-bowl-gift-set/p/p22294887, http://www.marksandspencer.com/ceramic-cloud-money-box/p/p22294872, http://www.marksandspencer.com/decorative-nursery-shelves/p/p22294874, http://www.marksandspencer.com/bear-comforter-toy/p/p22153844, http://www.marksandspencer.com/baby-imprint-maker-and-photo-frame/p/p22202468, http://www.marksandspencer.com/2-pink-striped-sheet-wrapping-papers/p/p22144288, http://www.marksandspencer.com/baby-keepsake-box/p/p22294873, http://www.marksandspencer.com/baby-height-chart/p/p22294876, http://www.marksandspencer.com/winnie-the-pooh-heritage-money-box/p/p22121159, http://www.marksandspencer.com/winnie-the-pooh-heritage-door-hanger/p/p22121161, http://www.marksandspencer.com/striped-bunny-soft-toy/p/p22284619, http://www.marksandspencer.com/winnie-the-pooh-heritage-records-book/p/p22121164, http://www.marksandspencer.com/winnie-the-pooh-heritage-breakfast-set/p/p22121158, http://www.marksandspencer.com/winnie-the-pooh-heritage-keepsake-pot/p/p22121160, http://www.marksandspencer.com/baby-keepsake-hand-and-footprint-kit/p/p22294884, http://www.marksandspencer.com/2-elephant-and-rabbit-baby-sheet-wraps/p/p22127748, http://www.marksandspencer.com/winnie-the-pooh-new-baby-sheet-wrap/p/p22199016, http://www.marksandspencer.com/winnie-the-pooh-heritage-doorstop/p/p22121165, http://www.marksandspencer.com/baby-fabric-bunting/p/p22294881, http://www.marksandspencer.com/baby-record-book/p/p22294880, http://www.marksandspencer.com/hello-baby-photo-album/p/p22294889, http://www.marksandspencer.com/classic-bear-soft-toy/p/p22236125, http://www.marksandspencer.com/winnie-the-pooh-heritage-photo-album/p/p22121166, http://www.marksandspencer.com/baby-tooth-and-curl-pots/p/p22294882, http://www.marksandspencer.com/2-cute-baby-boy-sheet-wrapping-papers/p/p22254454, http://www.marksandspencer.com/large-baby-photo-album/p/p22294879]--BUTTON_VISIBILITY_ERROR--
	at sizeguide.pdp_sizeguide_steps.the_size_guide_button_should_be_visible_and_the_size_guide_view_should_appear(pdp_sizeguide_steps.java:108)
	at ✽.Then the size guide button should be visible and the size guide view should appear.(sizeguide/pdp_sizeguide.feature:7)
</error>
  </testcase>
  <testcase time="0" classname="| &quot;Bath&quot; | &quot;l/kids/baby-up-to-2-yrs/bath&quot; |" name="Given I visit the &quot;Bath&quot; PLP page using &quot;l/kids/baby-up-to-2-yrs/bath&quot; and view the top 100 best sellers"/>
  <testcase time="0" classname="| &quot;Bath&quot; | &quot;l/kids/baby-up-to-2-yrs/bath&quot; |" name="When I visit the PDP page of each product and click the size guide button"/>
  <testcase time="0.001" classname="| &quot;Bath&quot; | &quot;l/kids/baby-up-to-2-yrs/bath&quot; |" name="Then the size guide button should be visible and the size guide view should appear.">
    <error message="--BUTTON_VISIBILITY_ERROR--[http://www.marksandspencer.com/peppa-pig-bath-squirt-toy/p/p22338693, http://www.marksandspencer.com/4-fish-squirters/p/p22337777, http://www.marksandspencer.com/boat-bath-squirters-toy/p/p22337776, http://www.marksandspencer.com/bath-flutes/p/p22337779, http://www.marksandspencer.com/bath-sieves-toys/p/p22337774, http://www.marksandspencer.com/bath-buddies/p/p22337782, http://www.marksandspencer.com/penguin-family-toy/p/p22337780, http://www.marksandspencer.com/wind-up-duck-toy/p/p22337781, http://www.marksandspencer.com/eva-bath-scene/p/p22337783, http://www.marksandspencer.com/skip-hop-zoo-hooded-towel-monkey/p/p22365664, http://www.marksandspencer.com/bath-wand/p/p22337778, http://www.marksandspencer.com/pure-baby-bottom-butter-100ml/p/p22192673, http://www.marksandspencer.com/owl-hooded-towel/p/p22367473, http://www.marksandspencer.com/bathroom-thermometer-pink/p/p22365600, http://www.marksandspencer.com/skip-hop-moby-bath-rinser/p/p22365666, http://www.marksandspencer.com/bathroom-thermometer-blue/p/p22365599, http://www.marksandspencer.com/skip-hop-moby-bath-kneeler/p/p22365660, http://www.marksandspencer.com/recycled-plastic-submarine/p/p22339220, http://www.marksandspencer.com/pure-baby-massage-oil-100ml/p/p22192671, http://www.marksandspencer.com/skip-hop-moby-elbow-rest/p/p22365661, http://www.marksandspencer.com/baby-bjorn-potty-chair/p/p22365330, http://www.marksandspencer.com/skiphop-dunck-bath-toy/p/p22365680, http://www.marksandspencer.com/baby-bjorn-step-stool-white/p/p22365343, http://www.marksandspencer.com/girls-eastcoast-changing-mat/p/p22365711, http://www.marksandspencer.com/pure-new-baby-gift-set/p/p22192669, http://www.marksandspencer.com/baby-bjorn-toilet-trainer/p/p22365342, http://www.marksandspencer.com/baby-bjorn-smart-potty/p/p22365326, http://www.marksandspencer.com/baby-bjorn-step-stool-grey/p/p22365344, http://www.marksandspencer.com/pure-baby-body-lotion-200ml/p/p22192678, http://www.marksandspencer.com/baby-bathtub/p/p22365676, http://www.marksandspencer.com/recycled-plastic-tug-boat/p/p22337784, http://www.marksandspencer.com/baby-bjorn-potty-chair/p/p22365328, http://www.marksandspencer.com/baby-bathtub/p/p22365675, http://www.marksandspencer.com/baby-bjorn-smart-potty/p/p22365327, http://www.marksandspencer.com/baby-bjorn-potty-chair/p/p22365329, http://www.marksandspencer.com/baby-bjorn-step-stool-red/p/p22365345, http://www.marksandspencer.com/baby-bjorn-smart-potty-white/p/p22365325, http://www.marksandspencer.com/skip-hop-zoo-hooded-towel-duck/p/p22365665, http://www.marksandspencer.com/unisex-eastcoast-changing-mat/p/p22365714, http://www.marksandspencer.com/pure-baby-hair-and-body-wash-200ml/p/p22192676, http://www.marksandspencer.com/boys-eastcoast-changing-mat/p/p22365712, http://www.marksandspencer.com/skiphop-dunck-bath-toy/p/p22365689]--BUTTON_VISIBILITY_ERROR--" type="java.lang.Throwable">java.lang.Throwable: --BUTTON_VISIBILITY_ERROR--[http://www.marksandspencer.com/peppa-pig-bath-squirt-toy/p/p22338693, http://www.marksandspencer.com/4-fish-squirters/p/p22337777, http://www.marksandspencer.com/boat-bath-squirters-toy/p/p22337776, http://www.marksandspencer.com/bath-flutes/p/p22337779, http://www.marksandspencer.com/bath-sieves-toys/p/p22337774, http://www.marksandspencer.com/bath-buddies/p/p22337782, http://www.marksandspencer.com/penguin-family-toy/p/p22337780, http://www.marksandspencer.com/wind-up-duck-toy/p/p22337781, http://www.marksandspencer.com/eva-bath-scene/p/p22337783, http://www.marksandspencer.com/skip-hop-zoo-hooded-towel-monkey/p/p22365664, http://www.marksandspencer.com/bath-wand/p/p22337778, http://www.marksandspencer.com/pure-baby-bottom-butter-100ml/p/p22192673, http://www.marksandspencer.com/owl-hooded-towel/p/p22367473, http://www.marksandspencer.com/bathroom-thermometer-pink/p/p22365600, http://www.marksandspencer.com/skip-hop-moby-bath-rinser/p/p22365666, http://www.marksandspencer.com/bathroom-thermometer-blue/p/p22365599, http://www.marksandspencer.com/skip-hop-moby-bath-kneeler/p/p22365660, http://www.marksandspencer.com/recycled-plastic-submarine/p/p22339220, http://www.marksandspencer.com/pure-baby-massage-oil-100ml/p/p22192671, http://www.marksandspencer.com/skip-hop-moby-elbow-rest/p/p22365661, http://www.marksandspencer.com/baby-bjorn-potty-chair/p/p22365330, http://www.marksandspencer.com/skiphop-dunck-bath-toy/p/p22365680, http://www.marksandspencer.com/baby-bjorn-step-stool-white/p/p22365343, http://www.marksandspencer.com/girls-eastcoast-changing-mat/p/p22365711, http://www.marksandspencer.com/pure-new-baby-gift-set/p/p22192669, http://www.marksandspencer.com/baby-bjorn-toilet-trainer/p/p22365342, http://www.marksandspencer.com/baby-bjorn-smart-potty/p/p22365326, http://www.marksandspencer.com/baby-bjorn-step-stool-grey/p/p22365344, http://www.marksandspencer.com/pure-baby-body-lotion-200ml/p/p22192678, http://www.marksandspencer.com/baby-bathtub/p/p22365676, http://www.marksandspencer.com/recycled-plastic-tug-boat/p/p22337784, http://www.marksandspencer.com/baby-bjorn-potty-chair/p/p22365328, http://www.marksandspencer.com/baby-bathtub/p/p22365675, http://www.marksandspencer.com/baby-bjorn-smart-potty/p/p22365327, http://www.marksandspencer.com/baby-bjorn-potty-chair/p/p22365329, http://www.marksandspencer.com/baby-bjorn-step-stool-red/p/p22365345, http://www.marksandspencer.com/baby-bjorn-smart-potty-white/p/p22365325, http://www.marksandspencer.com/skip-hop-zoo-hooded-towel-duck/p/p22365665, http://www.marksandspencer.com/unisex-eastcoast-changing-mat/p/p22365714, http://www.marksandspencer.com/pure-baby-hair-and-body-wash-200ml/p/p22192676, http://www.marksandspencer.com/boys-eastcoast-changing-mat/p/p22365712, http://www.marksandspencer.com/skiphop-dunck-bath-toy/p/p22365689]--BUTTON_VISIBILITY_ERROR--
	at sizeguide.pdp_sizeguide_steps.the_size_guide_button_should_be_visible_and_the_size_guide_view_should_appear(pdp_sizeguide_steps.java:108)
	at ✽.Then the size guide button should be visible and the size guide view should appear.(sizeguide/pdp_sizeguide.feature:7)
</error>
  </testcase>
  <testcase time="0.001" classname="| &quot;Bath&quot; | &quot;l/kids/baby-up-to-2-yrs/bath&quot; |" name="| &quot;Bath&quot; | &quot;l/kids/baby-up-to-2-yrs/bath&quot; |">
    <error message="--BUTTON_VISIBILITY_ERROR--[http://www.marksandspencer.com/peppa-pig-bath-squirt-toy/p/p22338693, http://www.marksandspencer.com/4-fish-squirters/p/p22337777, http://www.marksandspencer.com/boat-bath-squirters-toy/p/p22337776, http://www.marksandspencer.com/bath-flutes/p/p22337779, http://www.marksandspencer.com/bath-sieves-toys/p/p22337774, http://www.marksandspencer.com/bath-buddies/p/p22337782, http://www.marksandspencer.com/penguin-family-toy/p/p22337780, http://www.marksandspencer.com/wind-up-duck-toy/p/p22337781, http://www.marksandspencer.com/eva-bath-scene/p/p22337783, http://www.marksandspencer.com/skip-hop-zoo-hooded-towel-monkey/p/p22365664, http://www.marksandspencer.com/bath-wand/p/p22337778, http://www.marksandspencer.com/pure-baby-bottom-butter-100ml/p/p22192673, http://www.marksandspencer.com/owl-hooded-towel/p/p22367473, http://www.marksandspencer.com/bathroom-thermometer-pink/p/p22365600, http://www.marksandspencer.com/skip-hop-moby-bath-rinser/p/p22365666, http://www.marksandspencer.com/bathroom-thermometer-blue/p/p22365599, http://www.marksandspencer.com/skip-hop-moby-bath-kneeler/p/p22365660, http://www.marksandspencer.com/recycled-plastic-submarine/p/p22339220, http://www.marksandspencer.com/pure-baby-massage-oil-100ml/p/p22192671, http://www.marksandspencer.com/skip-hop-moby-elbow-rest/p/p22365661, http://www.marksandspencer.com/baby-bjorn-potty-chair/p/p22365330, http://www.marksandspencer.com/skiphop-dunck-bath-toy/p/p22365680, http://www.marksandspencer.com/baby-bjorn-step-stool-white/p/p22365343, http://www.marksandspencer.com/girls-eastcoast-changing-mat/p/p22365711, http://www.marksandspencer.com/pure-new-baby-gift-set/p/p22192669, http://www.marksandspencer.com/baby-bjorn-toilet-trainer/p/p22365342, http://www.marksandspencer.com/baby-bjorn-smart-potty/p/p22365326, http://www.marksandspencer.com/baby-bjorn-step-stool-grey/p/p22365344, http://www.marksandspencer.com/pure-baby-body-lotion-200ml/p/p22192678, http://www.marksandspencer.com/baby-bathtub/p/p22365676, http://www.marksandspencer.com/recycled-plastic-tug-boat/p/p22337784, http://www.marksandspencer.com/baby-bjorn-potty-chair/p/p22365328, http://www.marksandspencer.com/baby-bathtub/p/p22365675, http://www.marksandspencer.com/baby-bjorn-smart-potty/p/p22365327, http://www.marksandspencer.com/baby-bjorn-potty-chair/p/p22365329, http://www.marksandspencer.com/baby-bjorn-step-stool-red/p/p22365345, http://www.marksandspencer.com/baby-bjorn-smart-potty-white/p/p22365325, http://www.marksandspencer.com/skip-hop-zoo-hooded-towel-duck/p/p22365665, http://www.marksandspencer.com/unisex-eastcoast-changing-mat/p/p22365714, http://www.marksandspencer.com/pure-baby-hair-and-body-wash-200ml/p/p22192676, http://www.marksandspencer.com/boys-eastcoast-changing-mat/p/p22365712, http://www.marksandspencer.com/skiphop-dunck-bath-toy/p/p22365689]--BUTTON_VISIBILITY_ERROR--" type="java.lang.Throwable">java.lang.Throwable: --BUTTON_VISIBILITY_ERROR--[http://www.marksandspencer.com/peppa-pig-bath-squirt-toy/p/p22338693, http://www.marksandspencer.com/4-fish-squirters/p/p22337777, http://www.marksandspencer.com/boat-bath-squirters-toy/p/p22337776, http://www.marksandspencer.com/bath-flutes/p/p22337779, http://www.marksandspencer.com/bath-sieves-toys/p/p22337774, http://www.marksandspencer.com/bath-buddies/p/p22337782, http://www.marksandspencer.com/penguin-family-toy/p/p22337780, http://www.marksandspencer.com/wind-up-duck-toy/p/p22337781, http://www.marksandspencer.com/eva-bath-scene/p/p22337783, http://www.marksandspencer.com/skip-hop-zoo-hooded-towel-monkey/p/p22365664, http://www.marksandspencer.com/bath-wand/p/p22337778, http://www.marksandspencer.com/pure-baby-bottom-butter-100ml/p/p22192673, http://www.marksandspencer.com/owl-hooded-towel/p/p22367473, http://www.marksandspencer.com/bathroom-thermometer-pink/p/p22365600, http://www.marksandspencer.com/skip-hop-moby-bath-rinser/p/p22365666, http://www.marksandspencer.com/bathroom-thermometer-blue/p/p22365599, http://www.marksandspencer.com/skip-hop-moby-bath-kneeler/p/p22365660, http://www.marksandspencer.com/recycled-plastic-submarine/p/p22339220, http://www.marksandspencer.com/pure-baby-massage-oil-100ml/p/p22192671, http://www.marksandspencer.com/skip-hop-moby-elbow-rest/p/p22365661, http://www.marksandspencer.com/baby-bjorn-potty-chair/p/p22365330, http://www.marksandspencer.com/skiphop-dunck-bath-toy/p/p22365680, http://www.marksandspencer.com/baby-bjorn-step-stool-white/p/p22365343, http://www.marksandspencer.com/girls-eastcoast-changing-mat/p/p22365711, http://www.marksandspencer.com/pure-new-baby-gift-set/p/p22192669, http://www.marksandspencer.com/baby-bjorn-toilet-trainer/p/p22365342, http://www.marksandspencer.com/baby-bjorn-smart-potty/p/p22365326, http://www.marksandspencer.com/baby-bjorn-step-stool-grey/p/p22365344, http://www.marksandspencer.com/pure-baby-body-lotion-200ml/p/p22192678, http://www.marksandspencer.com/baby-bathtub/p/p22365676, http://www.marksandspencer.com/recycled-plastic-tug-boat/p/p22337784, http://www.marksandspencer.com/baby-bjorn-potty-chair/p/p22365328, http://www.marksandspencer.com/baby-bathtub/p/p22365675, http://www.marksandspencer.com/baby-bjorn-smart-potty/p/p22365327, http://www.marksandspencer.com/baby-bjorn-potty-chair/p/p22365329, http://www.marksandspencer.com/baby-bjorn-step-stool-red/p/p22365345, http://www.marksandspencer.com/baby-bjorn-smart-potty-white/p/p22365325, http://www.marksandspencer.com/skip-hop-zoo-hooded-towel-duck/p/p22365665, http://www.marksandspencer.com/unisex-eastcoast-changing-mat/p/p22365714, http://www.marksandspencer.com/pure-baby-hair-and-body-wash-200ml/p/p22192676, http://www.marksandspencer.com/boys-eastcoast-changing-mat/p/p22365712, http://www.marksandspencer.com/skiphop-dunck-bath-toy/p/p22365689]--BUTTON_VISIBILITY_ERROR--
	at sizeguide.pdp_sizeguide_steps.the_size_guide_button_should_be_visible_and_the_size_guide_view_should_appear(pdp_sizeguide_steps.java:108)
	at ✽.Then the size guide button should be visible and the size guide view should appear.(sizeguide/pdp_sizeguide.feature:7)
</error>
  </testcase>
  <testcase time="0" classname="| &quot;Feed&quot; | &quot;l/kids/baby-up-to-2-yrs/feed&quot; |" name="Given I visit the &quot;Feed&quot; PLP page using &quot;l/kids/baby-up-to-2-yrs/feed&quot; and view the top 100 best sellers"/>
  <testcase time="0" classname="| &quot;Feed&quot; | &quot;l/kids/baby-up-to-2-yrs/feed&quot; |" name="When I visit the PDP page of each product and click the size guide button"/>
  <testcase time="0.001" classname="| &quot;Feed&quot; | &quot;l/kids/baby-up-to-2-yrs/feed&quot; |" name="Then the size guide button should be visible and the size guide view should appear.">
    <error message="--BUTTON_VISIBILITY_ERROR--[http://www.marksandspencer.com/skip-hop-zoo-tabletop-set-plate-and-bowl-owl/p/p22365656, http://www.marksandspencer.com/skip-hop-bib-giraffe/p/p22365632, http://www.marksandspencer.com/vital-baby-unbelievabowl/p/p22366693, http://www.marksandspencer.com/skip-hop-zoo-tensil-cutlery-set-monkey/p/p22365645, http://www.marksandspencer.com/east-coast-white-wood-multi-height-high-chair/p/p22365719, http://www.marksandspencer.com/vital-baby-unbelievabowl/p/p22366694, http://www.marksandspencer.com/2-pack-baby-bjorn-soft-bibs/p/p22365316, http://www.marksandspencer.com/2-pack-dr-brown-s-bottles-8-oz/p/p22365263, http://www.marksandspencer.com/skip-hop-owl-bib/p/p22365634, http://www.marksandspencer.com/skip-hop-zoo-bib-monkey/p/p22365633, http://www.marksandspencer.com/baby-bjorn-soft-bib/p/p22365321, http://www.marksandspencer.com/2-pack-dr-brown-s-level-4-teats/p/p22366663, http://www.marksandspencer.com/dr-browns-standard-bottle-brush/p/p22366666, http://www.marksandspencer.com/4-large-press-n-pop-freezer-pots/p/p22366704, http://www.marksandspencer.com/avent-disposable-day-breast-pads/p/p22365591, http://www.marksandspencer.com/avent-milk-powder-dispenser/p/p22365152, http://www.marksandspencer.com/vital-baby-4m-weaning-spoons/p/p22366674, http://www.marksandspencer.com/vital-baby-pouch-spoon-tips/p/p22366690, http://www.marksandspencer.com/dr-brown-s-deluxe-newborn-gift-set/p/p22366658, http://www.marksandspencer.com/avent-bottle-and-teat-brush/p/p22365153, http://www.marksandspencer.com/skip-hop-zoo-tensil-cutlery-set-cat/p/p22365643, http://www.marksandspencer.com/6-avent-washable-breast-pads/p/p22365571, http://www.marksandspencer.com/skip-hop-cat-face-bib/p/p22365635, http://www.marksandspencer.com/vital-baby-soft-flip-spout-free-flow-cup/p/p22366708, http://www.marksandspencer.com/skip-hop-zoo-straw-bottle-monkey/p/p22365638, http://www.marksandspencer.com/8-mini-press-n-pop-freezer-pots/p/p22366703, http://www.marksandspencer.com/baby-bjorn-soft-bib/p/p22365320, http://www.marksandspencer.com/dr-brown-s-natural-flow-wide-neck-bottle-4oz/p/p22365241, http://www.marksandspencer.com/vital-baby-4m-weaning-spoons/p/p22369133, http://www.marksandspencer.com/skip-hop-straw-bottle-girafee/p/p22365637, http://www.marksandspencer.com/vital-baby-6m-feeding-spoons/p/p22366678, http://www.marksandspencer.com/4-food-pots-6oz/p/p22366702, http://www.marksandspencer.com/vital-baby-soft-flip-spout-free-flow-cup/p/p22366707, http://www.marksandspencer.com/vital-baby-3-stage-trainer-cup/p/p22366716, http://www.marksandspencer.com/avent-disposal-night-breast-pads/p/p22365590, http://www.marksandspencer.com/vital-baby-3-stage-trainer-cup/p/p22366715, http://www.marksandspencer.com/dr-brown-s-deluxe-starter-kit/p/p22365293, http://www.marksandspencer.com/4-food-pots/p/p22366700, http://www.marksandspencer.com/vital-baby-2-handled-trainer-cup/p/p22366713, http://www.marksandspencer.com/vital-baby-3-stage-trainer-cup/p/p22366717, http://www.marksandspencer.com/avent-3-pack-natural-bottles-9oz/p/p22365130, http://www.marksandspencer.com/vital-baby-6m-weaning-spoons/p/p22366676, http://www.marksandspencer.com/vital-baby-soft-flip-spout-free-flow-cup/p/p22366706, http://www.marksandspencer.com/avent-comfortable-manual-breast-pump/p/p22365594, http://www.marksandspencer.com/vital-baby-1st-tumbler/p/p22366711, http://www.marksandspencer.com/avent-bottle-feeding-essentials-kit/p/p22365151, http://www.marksandspencer.com/2-pack-dr-brown-s-bottles-8oz/p/p22366659, http://www.marksandspencer.com/mam-teat-fast-flow/p/p22365527, http://www.marksandspencer.com/vital-baby-4m-weaning-spoons/p/p22366675, http://www.marksandspencer.com/skip-hop-zoo-straw-bottle-cat/p/p22365640, http://www.marksandspencer.com/avent-newborn-starter-set/p/p22365149, http://www.marksandspencer.com/kidisipper-tubby/p/p22366718, http://www.marksandspencer.com/kidisipper-tubby/p/p22366720, http://www.marksandspencer.com/2-pack-dr-brown-s-bottles-8oz/p/p22366660, http://www.marksandspencer.com/kidisipper-gripper/p/p22366722, http://www.marksandspencer.com/kidisipper-gripper/p/p22366721, http://www.marksandspencer.com/avent-microwave-steam-steriliser-bag/p/p22365187, http://www.marksandspencer.com/avent-british-bottle-set/p/p22365157, http://www.marksandspencer.com/avent-comfort-single-electric-breast-pump/p/p22365595, http://www.marksandspencer.com/vital-baby-2-handled-trainer-cup/p/p22366712, http://www.marksandspencer.com/4-food-pots-6oz/p/p22366701, http://www.marksandspencer.com/dr-brown-s-natural-flow-wide-neck-bottle-8oz/p/p22365258, http://www.marksandspencer.com/baby-bjorn-soft-bib/p/p22365319, http://www.marksandspencer.com/avent-2-pack-natural-bottles-3oz/p/p22365107, http://www.marksandspencer.com/avent-nipple-protectors/p/p22365582, http://www.marksandspencer.com/avent-2-in-1-breastcare-thermopads/p/p22365592, http://www.marksandspencer.com/nipple-shields/p/p22366671, http://www.marksandspencer.com/kidisipper-tubby/p/p22366719, http://www.marksandspencer.com/dr-browns-breastmilk-storage-bags/p/p22366670, http://www.marksandspencer.com/avent-isis-breast-shell-set/p/p22365588, http://www.marksandspencer.com/mam-x-cut-teat/p/p22365532, http://www.marksandspencer.com/mam-3-pack-anti-colic-260ml-bottles/p/p22365550]--BUTTON_VISIBILITY_ERROR--" type="java.lang.Throwable">java.lang.Throwable: --BUTTON_VISIBILITY_ERROR--[http://www.marksandspencer.com/skip-hop-zoo-tabletop-set-plate-and-bowl-owl/p/p22365656, http://www.marksandspencer.com/skip-hop-bib-giraffe/p/p22365632, http://www.marksandspencer.com/vital-baby-unbelievabowl/p/p22366693, http://www.marksandspencer.com/skip-hop-zoo-tensil-cutlery-set-monkey/p/p22365645, http://www.marksandspencer.com/east-coast-white-wood-multi-height-high-chair/p/p22365719, http://www.marksandspencer.com/vital-baby-unbelievabowl/p/p22366694, http://www.marksandspencer.com/2-pack-baby-bjorn-soft-bibs/p/p22365316, http://www.marksandspencer.com/2-pack-dr-brown-s-bottles-8-oz/p/p22365263, http://www.marksandspencer.com/skip-hop-owl-bib/p/p22365634, http://www.marksandspencer.com/skip-hop-zoo-bib-monkey/p/p22365633, http://www.marksandspencer.com/baby-bjorn-soft-bib/p/p22365321, http://www.marksandspencer.com/2-pack-dr-brown-s-level-4-teats/p/p22366663, http://www.marksandspencer.com/dr-browns-standard-bottle-brush/p/p22366666, http://www.marksandspencer.com/4-large-press-n-pop-freezer-pots/p/p22366704, http://www.marksandspencer.com/avent-disposable-day-breast-pads/p/p22365591, http://www.marksandspencer.com/avent-milk-powder-dispenser/p/p22365152, http://www.marksandspencer.com/vital-baby-4m-weaning-spoons/p/p22366674, http://www.marksandspencer.com/vital-baby-pouch-spoon-tips/p/p22366690, http://www.marksandspencer.com/dr-brown-s-deluxe-newborn-gift-set/p/p22366658, http://www.marksandspencer.com/avent-bottle-and-teat-brush/p/p22365153, http://www.marksandspencer.com/skip-hop-zoo-tensil-cutlery-set-cat/p/p22365643, http://www.marksandspencer.com/6-avent-washable-breast-pads/p/p22365571, http://www.marksandspencer.com/skip-hop-cat-face-bib/p/p22365635, http://www.marksandspencer.com/vital-baby-soft-flip-spout-free-flow-cup/p/p22366708, http://www.marksandspencer.com/skip-hop-zoo-straw-bottle-monkey/p/p22365638, http://www.marksandspencer.com/8-mini-press-n-pop-freezer-pots/p/p22366703, http://www.marksandspencer.com/baby-bjorn-soft-bib/p/p22365320, http://www.marksandspencer.com/dr-brown-s-natural-flow-wide-neck-bottle-4oz/p/p22365241, http://www.marksandspencer.com/vital-baby-4m-weaning-spoons/p/p22369133, http://www.marksandspencer.com/skip-hop-straw-bottle-girafee/p/p22365637, http://www.marksandspencer.com/vital-baby-6m-feeding-spoons/p/p22366678, http://www.marksandspencer.com/4-food-pots-6oz/p/p22366702, http://www.marksandspencer.com/vital-baby-soft-flip-spout-free-flow-cup/p/p22366707, http://www.marksandspencer.com/vital-baby-3-stage-trainer-cup/p/p22366716, http://www.marksandspencer.com/avent-disposal-night-breast-pads/p/p22365590, http://www.marksandspencer.com/vital-baby-3-stage-trainer-cup/p/p22366715, http://www.marksandspencer.com/dr-brown-s-deluxe-starter-kit/p/p22365293, http://www.marksandspencer.com/4-food-pots/p/p22366700, http://www.marksandspencer.com/vital-baby-2-handled-trainer-cup/p/p22366713, http://www.marksandspencer.com/vital-baby-3-stage-trainer-cup/p/p22366717, http://www.marksandspencer.com/avent-3-pack-natural-bottles-9oz/p/p22365130, http://www.marksandspencer.com/vital-baby-6m-weaning-spoons/p/p22366676, http://www.marksandspencer.com/vital-baby-soft-flip-spout-free-flow-cup/p/p22366706, http://www.marksandspencer.com/avent-comfortable-manual-breast-pump/p/p22365594, http://www.marksandspe
[...]
22317120, http://www.marksandspencer.com/elephant-photo-frame/p/p22345814, http://www.marksandspencer.com/2-baby-pillowcases/p/p22342950, http://www.marksandspencer.com/giraffe-and-elephant-wall-hooks/p/p22346006, http://www.marksandspencer.com/giraffe-photo-frame-10-x-15cm-4-x-6-/p/p22345819, http://www.marksandspencer.com/bunny-bookends/p/p22345842, http://www.marksandspencer.com/star-print-pencil-pleat-curtains/p/p22345422, http://www.marksandspencer.com/winchester-3-2-chest-cream/p/p22268173, http://www.marksandspencer.com/kids-pocket-sprung-cot-mattress-7-day-delivery/p/p22303084, http://www.marksandspencer.com/hastings-cot-bed/p/p22189958, http://www.marksandspencer.com/alphabet-rug/p/p22280906, http://www.marksandspencer.com/giraffe-and-elephant-bookends/p/p22345943, http://www.marksandspencer.com/elephant-polypropylene-light/p/p22349287, http://www.marksandspencer.com/bunny-door-wedge/p/p22363643, http://www.marksandspencer.com/kids-natural-cot-mattress-7-day-delivery/p/p22303089, http://www.marksandspencer.com/kids-star-rug/p/p22338778, http://www.marksandspencer.com/2-pack-baby-fitted-sheets/p/p22344695, http://www.marksandspencer.com/sweet-dreams-hanging-photo-frame-10-x-15cm-4-x-6-/p/p22345817, http://www.marksandspencer.com/sheep-door-wedge/p/p22363646, http://www.marksandspencer.com/bunny-hanging-photo-frame-10-x-15cm-4-x-6-/p/p22345816, http://www.marksandspencer.com/2-pack-pure-cotton-baby-fitted-sheets/p/p22344574, http://www.marksandspencer.com/elephant-door-wedge/p/p22363648, http://www.marksandspencer.com/sweet-dreams-wall-hooks/p/p22347922, http://www.marksandspencer.com/hastings-changing-unit/p/p22189957, http://www.marksandspencer.com/bunny-and-floral-wall-hooks/p/p22346013, http://www.marksandspencer.com/heart-multi-aperture-photo-frame/p/p22345825, http://www.marksandspencer.com/baby-boys-fleece-throw/p/p22344677, http://www.marksandspencer.com/sonoma-single-wardrobe/p/p22271107, http://www.marksandspencer.com/step-ladder/p/p22283308, http://www.marksandspencer.com/2-pack-pure-cotton-fitted-sheet-200-thread-count/p/p22344754, http://www.marksandspencer.com/sweet-dreams-wall-art/p/p22347926, http://www.marksandspencer.com/animal-print-baby-coverlet/p/p22344642, http://www.marksandspencer.com/bunny-wicker-basket/p/p22345948, http://www.marksandspencer.com/step-ladder/p/p22273557, http://www.marksandspencer.com/elephant-mirror/p/p22347932, http://www.marksandspencer.com/floral-and-spotted-bunting/p/p22345864, http://www.marksandspencer.com/ticking-striped-pencil-pleat-curtains/p/p22345423, http://www.marksandspencer.com/folding-droplet-paper-ceiling-pendant/p/p22281706, http://www.marksandspencer.com/bunny-wall-clock/p/p22345977, http://www.marksandspencer.com/winchester-3-2-chest-putty/p/p22271041, http://www.marksandspencer.com/baby-bumper-coverlet/p/p22345254, http://www.marksandspencer.com/sweet-dreams-wall-clock/p/p22345970, http://www.marksandspencer.com/sweet-dream-patchwork-wall-art/p/p22347927, http://www.marksandspencer.com/4-piece-123-print-wall-arts/p/p22352735, http://www.marksandspencer.com/winchester-double-wardrobe-putty/p/p22271042, http://www.marksandspencer.com/precious-little-one-wall-clock/p/p22345976, http://www.marksandspencer.com/sonoma-2-2-chest/p/p22326555, http://www.marksandspencer.com/animal-stacking-pendant/p/p22349289, http://www.marksandspencer.com/rabbit-rug/p/p22350034, http://www.marksandspencer.com/smudge-spotted-pencil-pleat-curtains/p/p22345426, http://www.marksandspencer.com/haworth-wardrobe/p/p22279958, http://www.marksandspencer.com/haworth-3-2-chest/p/p22279961, http://www.marksandspencer.com/winchester-tallboy-putty/p/p22271043, http://www.marksandspencer.com/haworth-changing-top/p/p22281879, http://www.marksandspencer.com/sonoma-cot-bed/p/p22310752, http://www.marksandspencer.com/precious-little-one-cloud-print-framed-wall-art/p/p22348771, http://www.marksandspencer.com/charlie-2-2-chest/p/p22271096, http://www.marksandspencer.com/4-piece-love-print-wall-arts/p/p22352734, http://www.marksandspencer.com/hastings-ivory-abc-3-drawer-chest/p/p22321701, http://www.marksandspencer.com/ditsy-floral-bumper/p/p22344616, http://www.marksandspencer.com/abc-letters/p/p22345863, http://www.marksandspencer.com/rainbow-road-house-cushion/p/p22353643, http://www.marksandspencer.com/lion-polypropylene-light/p/p22349288, http://www.marksandspencer.com/winchester-cot-bed-putty/p/p22271654, http://www.marksandspencer.com/baby-bjorn-fitted-sheet/p/p22365267, http://www.marksandspencer.com/folding-cone-paper-ceiling-pendant/p/p22281707, http://www.marksandspencer.com/large-elephant-mirror/p/p22347933, http://www.marksandspencer.com/winchester-cot-bed-cream/p/p22276567, http://www.marksandspencer.com/elephant-frame-wall-art/p/p22352724, http://www.marksandspencer.com/haworth-cot-bed/p/p22282327, http://www.marksandspencer.com/haworth-bedside-chest/p/p22279960, http://www.marksandspencer.com/avent-digital-video-baby-monitor/p/p22365598, http://www.marksandspencer.com/avent-super-sensitive-dect-monitor/p/p22365597, http://www.marksandspencer.com/2-ercol-turville-dining-chair/p/p22308626, http://www.marksandspencer.com/rainbow-road-rug/p/p22353634, http://www.marksandspencer.com/heart-wall-art/p/p22347925, http://www.marksandspencer.com/baby-bjorn-travel-cot-light/p/p22365262, http://www.marksandspencer.com/pure-cotton-dimond-knitted-throw/p/p22294556, http://www.marksandspencer.com/baby-led-star-light/p/p22294877, http://www.marksandspencer.com/baby-rabbit-cylinder-table-light/p/p22349284, http://www.marksandspencer.com/cloud-shaped-rug/p/p22350044, http://www.marksandspencer.com/precious-elephant-cylinder-table-lamp/p/p22349286, http://www.marksandspencer.com/baby-boys-bumper-200-thread-count/p/p22344546, http://www.marksandspencer.com/2-baby-fitted-sheet/p/p22344638, http://www.marksandspencer.com/baby-bedding-set/p/p22344623, http://www.marksandspencer.com/folding-round-paper-ceiling-pendant/p/p22281705]--BUTTON_VISIBILITY_ERROR--" type="java.lang.Throwable">java.lang.Throwable: --BUTTON_VISIBILITY_ERROR--[http://www.marksandspencer.com/hastings-double-wardrobe/p/p21165915, http://www.marksandspencer.com/hastings-6-drawer-tall-boy/p/p21166211, http://www.marksandspencer.com/hastings-white-single-wardrobe/p/p21165677, http://www.marksandspencer.com/hastings-storage-bed/p/p21165712, http://www.marksandspencer.com/pom-pom-knitted-throw/p/p22317120, http://www.marksandspencer.com/elephant-photo-frame/p/p22345814, http://www.marksandspencer.com/2-baby-pillowcases/p/p22342950, http://www.marksandspencer.com/giraffe-and-elephant-wall-hooks/p/p22346006, http://www.marksandspencer.com/giraffe-photo-frame-10-x-15cm-4-x-6-/p/p22345819, http://www.marksandspencer.com/bunny-bookends/p/p22345842, http://www.marksandspencer.com/star-print-pencil-pleat-curtains/p/p22345422, http://www.marksandspencer.com/winchester-3-2-chest-cream/p/p22268173, http://www.marksandspencer.com/kids-pocket-sprung-cot-mattress-7-day-delivery/p/p22303084, http://www.marksandspencer.com/hastings-cot-bed/p/p22189958, http://www.marksandspencer.com/alphabet-rug/p/p22280906, http://www.marksandspencer.com/giraffe-and-elephant-bookends/p/p22345943, http://www.marksandspencer.com/elephant-polypropylene-light/p/p22349287, http://www.marksandspencer.com/bunny-door-wedge/p/p22363643, http://www.marksandspencer.com/kids-natural-cot-mattress-7-day-delivery/p/p22303089, http://www.marksandspencer.com/kids-star-rug/p/p22338778, http://www.marksandspencer.com/2-pack-baby-fitted-sheets/p/p22344695, http://www.marksandspencer.com/sweet-dreams-hanging-photo-frame-10-x-15cm-4-x-6-/p/p22345817, http://www.marksandspencer.com/sheep-door-wedge/p/p22363646, http://www.marksandspencer.com/bunny-hanging-photo-frame-10-x-15cm-4-x-6-/p/p22345816, http://www.marksandspencer.com/2-pack-pure-cotton-baby-fitted-sheets/p/p22344574, http://www.marksandspencer.com/elephant-door-wedge/p/p22363648, http://www.marksandspencer.com/sweet-dreams-wall-hooks/p/p22347922, http://www.marksandspencer.com/hastings-changing-unit/p/p22189957, http://www.marksandspencer.com/bunny-and-floral-wall-hooks/p/p22346013, http://www.marksandspencer.com/heart-multi-aperture-photo-frame/p/p22345825, http://www.marksandspencer.com/baby-boys-fleece-throw/p/p22344677, http://www.marksandspencer.com/sonoma-single-wardrobe/p/p22271107, http://www.marksandspencer.com/step-ladder/p/p22283308, http://www.marksandspencer.com/2-pack-pure-cotton-fitted-sheet-200-thread-count/p/p22344754, http://www.marksandspencer.com/sweet-dreams-wall-art/p/p22347926, http://www.marksandspencer.com/animal-print-baby-coverlet/p/p22344642, http://www.marksandspencer.com/bunny-wicker-basket/p/p22345948, http://www.marksandspencer.com/step-ladder/p/p22273557, http://www.marksandspencer.com/elephant-mirror/p/p22347932, http://www.marksandspencer.com/floral-and-spotted-bunting/p/p22345864, http://www.marksandspencer.com/ticking-striped-pencil-pleat-curtains/p/p22345423, http://www.marksandspencer.com/folding-droplet-paper-ceiling-pendant/p/p22281706, http://www.marksandspencer.com/bunny-wall-clock/p/p22345977, http://www.marksandspencer.com/winchester-3-2-chest-putty/p/p22271041, http://www.marksandspencer.com/baby-bumper-coverlet/p/p22345254, http://www.marksandspencer.com/sweet-dreams-wall-clock/p/p22345970, http://www.marksandspencer.com/sweet-dream-patchwork-wall-art/p/p22347927, http://www.marksandspencer.com/4-piece-123-print-wall-arts/p/p22352735, http://www.marksandspencer.com/winchester-double-wardrobe-putty/p/p22271042, http://www.marksandspencer.com/precious-little-one-wall-clock/p/p22345976, http://www.marksandspencer.com/sonoma-2-2-chest/p/p22326555, http://www.marksandspencer.com/animal-stacking-pendant/p/p22349289, http://www.marksandspencer.com/rabbit-rug/p/p22350034, http://www.marksandspencer.com/smudge-spotted-pencil-pleat-curtains/p/p22345426, http://www.marksandspencer.com/haworth-wardrobe/p/p22279958, http://www.marksandspencer.com/haworth-3-2-chest/p/p22279961, http://www.marksandspencer.com/winchester-tallboy-putty/p/p22271043, http://www.marksandspencer.com/haworth-changing-top/p/p22281879, http://www.marksandspencer.com/sonoma-cot-bed/p/p22310752, http://www.marksandspencer.com/precious-little-one-cloud-print-framed-wall-art/p/p22348771, http://www.marksandspencer.com/charlie-2-2-chest/p/p22271096, http://www.marksandspencer.com/4-piece-love-print-wall-arts/p/p22352734, http://www.marksandspencer.com/hastings-ivory-abc-3-drawer-chest/p/p22321701, http://www.marksandspencer.com/ditsy-floral-bumper/p/p22344616, http://www.marksandspencer.com/abc-letters/p/p22345863, http://www.marksandspencer.com/rainbow-road-house-cushion/p/p22353643, http://www.marksandspencer.com/lion-polypropylene-light/p/p22349288, http://www.marksandspencer.com/winchester-cot-bed-putty/p/p22271654, http://www.marksandspencer.com/baby-bjorn-fitted-sheet/p/p22365267, http://www.marksandspencer.com/folding-cone-paper-ceiling-pendant/p/p22281707, http://www.marksandspencer.com/large-elephant-mirror/p/p22347933, http://www.marksandspencer.com/winchester-cot-bed-cream/p/p22276567, http://www.marksandspencer.com/elephant-frame-wall-art/p/p22352724, http://www.marksandspencer.com/haworth-cot-bed/p/p22282327, http://www.marksandspencer.com/haworth-bedside-chest/p/p22279960, http://www.marksandspencer.com/avent-digital-video-baby-monitor/p/p22365598, http://www.marksandspencer.com/avent-super-sensitive-dect-monitor/p/p22365597, http://www.marksandspencer.com/2-ercol-turville-dining-chair/p/p22308626, http://www.marksandspencer.com/rainbow-road-rug/p/p22353634, http://www.marksandspencer.com/heart-wall-art/p/p22347925, http://www.marksandspencer.com/baby-bjorn-travel-cot-light/p/p22365262, http://www.marksandspencer.com/pure-cotton-dimond-knitted-throw/p/p22294556, http://www.marksandspencer.com/baby-led-star-light/p/p22294877, http://www.marksandspencer.com/baby-rabbit-cylinder-table-light/p/p22349284, http://www.marksandspencer.com/cloud-shaped-rug/p/p22350044, http://www.marksandspencer.com/precious-elephant-cylinder-table-lamp/p/p22349286, http://www.marksandspencer.com/baby-boys-bumper-200-thread-count/p/p22344546, http://www.marksandspencer.com/2-baby-fitted-sheet/p/p22344638, http://www.marksandspencer.com/baby-bedding-set/p/p22344623, http://www.marksandspencer.com/folding-round-paper-ceiling-pendant/p/p22281705]--BUTTON_VISIBILITY_ERROR--
	at sizeguide.pdp_sizeguide_steps.the_size_guide_button_should_be_visible_and_the_size_guide_view_should_appear(pdp_sizeguide_steps.java:108)
	at ✽.Then the size guide button should be visible and the size guide view should appear.(sizeguide/pdp_sizeguide.feature:7)
</error>
  </testcase>
  <testcase time="0" classname="| &quot;Travel&quot; | &quot;l/kids/baby-up-to-2-yrs/travel&quot; |" name="Given I visit the &quot;Travel&quot; PLP page using &quot;l/kids/baby-up-to-2-yrs/travel&quot; and view the top 100 best sellers"/>
  <testcase time="0" classname="| &quot;Travel&quot; | &quot;l/kids/baby-up-to-2-yrs/travel&quot; |" name="When I visit the PDP page of each product and click the size guide button"/>
  <testcase time="0" classname="| &quot;Travel&quot; | &quot;l/kids/baby-up-to-2-yrs/travel&quot; |" name="Then the size guide button should be visible and the size guide view should appear.">
    <error message="--BUTTON_VISIBILITY_ERROR--[http://www.marksandspencer.com/skip-hop-duo-deluxe-special-edition-blue-pinpoint/p/p22365604, http://www.marksandspencer.com/skip-hop-deluxe-special-edition-french-striped-travel-bag/p/p22367470, http://www.marksandspencer.com/avent-thermal-bag-with-thinsulate/p/p22365154, http://www.marksandspencer.com/baby-bjorn-carrier-original/p/p22365231, http://www.marksandspencer.com/skip-hop-dash-wave-dot/p/p22365603, http://www.marksandspencer.com/skip-hop-pronto-clutch-bag/p/p22365630, http://www.marksandspencer.com/forma-travel-bag/p/p22365628, http://www.marksandspencer.com/baby-bjorn-baby-carrier-cover/p/p22365245, http://www.marksandspencer.com/skip-hop-pronto-wave/p/p22365631, http://www.marksandspencer.com/baby-bjorn-carrier-miracle/p/p22365244, http://www.marksandspencer.com/baby-bjorn-baby-carrier/p/p22365242, http://www.marksandspencer.com/skip-hop-dash-travel-bag/p/p22365602, http://www.marksandspencer.com/2-pack-baby-bjorn-bib-carrier/p/p22365260, http://www.marksandspencer.com/baby-bjorn-bib-carrier-one/p/p22365259, http://www.marksandspencer.com/2-pack-baby-bjorn-bib-carrier/p/p22365261, http://www.marksandspencer.com/skip-hop-via-messenger-lime/p/p22365622, http://www.marksandspencer.com/skip-hop-via-messenger-black/p/p22365625, http://www.marksandspencer.com/baby-bjorn-travel-cot-light/p/p22365262, http://www.marksandspencer.com/skip-hop-chelsea-black/p/p22365601]--BUTTON_VISIBILITY_ERROR--" type="java.lang.Throwable">java.lang.Throwable: --BUTTON_VISIBILITY_ERROR--[http://www.marksandspencer.com/skip-hop-duo-deluxe-special-edition-blue-pinpoint/p/p22365604, http://www.marksandspencer.com/skip-hop-deluxe-special-edition-french-striped-travel-bag/p/p22367470, http://www.marksandspencer.com/avent-thermal-bag-with-thinsulate/p/p22365154, http://www.marksandspencer.com/baby-bjorn-carrier-original/p/p22365231, http://www.marksandspencer.com/skip-hop-dash-wave-dot/p/p22365603, http://www.marksandspencer.com/skip-hop-pronto-clutch-bag/p/p22365630, http://www.marksandspencer.com/forma-travel-bag/p/p22365628, http://www.marksandspencer.com/baby-bjorn-baby-carrier-cover/p/p22365245, http://www.marksandspencer.com/skip-hop-pronto-wave/p/p22365631, http://www.marksandspencer.com/baby-bjorn-carrier-miracle/p/p22365244, http://www.marksandspencer.com/baby-bjorn-baby-carrier/p/p22365242, http://www.marksandspencer.com/skip-hop-dash-travel-bag/p/p22365602, http://www.marksandspencer.com/2-pack-baby-bjorn-bib-carrier/p/p22365260, http://www.marksandspencer.com/baby-bjorn-bib-carrier-one/p/p22365259, http://www.marksandspencer.com/2-pack-baby-bjorn-bib-carrier/p/p22365261, http://www.marksandspencer.com/skip-hop-via-messenger-lime/p/p22365622, http://www.marksandspencer.com/skip-hop-via-messenger-black/p/p22365625, http://www.marksandspencer.com/baby-bjorn-travel-cot-light/p/p22365262, http://www.marksandspencer.com/skip-hop-chelsea-black/p/p22365601]--BUTTON_VISIBILITY_ERROR--
	at sizeguide.pdp_sizeguide_steps.the_size_guide_button_should_be_visible_and_the_size_guide_view_should_appear(pdp_sizeguide_steps.java:108)
	at ✽.Then the size guide button should be visible and the size guide view should appear.(sizeguide/pdp_sizeguide.feature:7)
</error>
  </testcase>
  <testcase time="0" classname="| &quot;Travel&quot; | &quot;l/kids/baby-up-to-2-yrs/travel&quot; |" name="| &quot;Travel&quot; | &quot;l/kids/baby-up-to-2-yrs/travel&quot; |">
    <error message="--BUTTON_VISIBILITY_ERROR--[http://www.marksandspencer.com/skip-hop-duo-deluxe-special-edition-blue-pinpoint/p/p22365604, http://www.marksandspencer.com/skip-hop-deluxe-special-edition-french-striped-travel-bag/p/p22367470, http://www.marksandspencer.com/avent-thermal-bag-with-thinsulate/p/p22365154, http://www.marksandspencer.com/baby-bjorn-carrier-original/p/p22365231, http://www.marksandspencer.com/skip-hop-dash-wave-dot/p/p22365603, http://www.marksandspencer.com/skip-hop-pronto-clutch-bag/p/p22365630, http://www.marksandspencer.com/forma-travel-bag/p/p22365628, http://www.marksandspencer.com/baby-bjorn-baby-carrier-cover/p/p22365245, http://www.marksandspencer.com/skip-hop-pronto-wave/p/p22365631, http://www.marksandspencer.com/baby-bjorn-carrier-miracle/p/p22365244, http://www.marksandspencer.com/baby-bjorn-baby-carrier/p/p22365242, http://www.marksandspencer.com/skip-hop-dash-travel-bag/p/p22365602, http://www.marksandspencer.com/2-pack-baby-bjorn-bib-carrier/p/p22365260, http://www.marksandspencer.com/baby-bjorn-bib-carrier-one/p/p22365259, http://www.marksandspencer.com/2-pack-baby-bjorn-bib-carrier/p/p22365261, http://www.marksandspencer.com/skip-hop-via-messenger-lime/p/p22365622, http://www.marksandspencer.com/skip-hop-via-messenger-black/p/p22365625, http://www.marksandspencer.com/baby-bjorn-travel-cot-light/p/p22365262, http://www.marksandspencer.com/skip-hop-chelsea-black/p/p22365601]--BUTTON_VISIBILITY_ERROR--" type="java.lang.Throwable">java.lang.Throwable: --BUTTON_VISIBILITY_ERROR--[http://www.marksandspencer.com/skip-hop-duo-deluxe-special-edition-blue-pinpoint/p/p22365604, http://www.marksandspencer.com/skip-hop-deluxe-special-edition-french-striped-travel-bag/p/p22367470, http://www.marksandspencer.com/avent-thermal-bag-with-thinsulate/p/p22365154, http://www.marksandspencer.com/baby-bjorn-carrier-original/p/p22365231, http://www.marksandspencer.com/skip-hop-dash-wave-dot/p/p22365603, http://www.marksandspencer.com/skip-hop-pronto-clutch-bag/p/p22365630, http://www.marksandspencer.com/forma-travel-bag/p/p22365628, http://www.marksandspencer.com/baby-bjorn-baby-carrier-cover/p/p22365245, http://www.marksandspencer.com/skip-hop-pronto-wave/p/p22365631, http://www.marksandspencer.com/baby-bjorn-carrier-miracle/p/p22365244, http://www.marksandspencer.com/baby-bjorn-baby-carrier/p/p22365242, http://www.marksandspencer.com/skip-hop-dash-travel-bag/p/p22365602, http://www.marksandspencer.com/2-pack-baby-bjorn-bib-carrier/p/p22365260, http://www.marksandspencer.com/baby-bjorn-bib-carrier-one/p/p22365259, http://www.marksandspencer.com/2-pack-baby-bjorn-bib-carrier/p/p22365261, http://www.marksandspencer.com/skip-hop-via-messenger-lime/p/p22365622, http://www.marksandspencer.com/skip-hop-via-messenger-black/p/p22365625, http://www.marksandspencer.com/baby-bjorn-travel-cot-light/p/p22365262, http://www.marksandspencer.com/skip-hop-chelsea-black/p/p22365601]--BUTTON_VISIBILITY_ERROR--
	at sizeguide.pdp_sizeguide_steps.the_size_guide_button_should_be_visible_and_the_size_guide_view_should_appear(pdp_sizeguide_steps.java:108)
	at ✽.Then the size guide button should be visible and the size guide view should appear.(sizeguide/pdp_sizeguide.feature:7)
</error>
  </testcase>
</testsuite>